2013-09-05 10:53:30,195 [main] [TRACE] [ge.framework.application.ApplicationFramework.start(44)] - entry params(application.xml, null, [Ljava.lang.String;@1431340)
2013-09-05 10:53:30,719 [main] [TRACE] [ge.utils.spring.BeanObject.<init>(24)] - Created bean object.
2013-09-05 10:53:31,030 [main] [INFO] [ge.framework.application.ApplicationFramework.start(71)] - Getting application bean: TestSingleApplication
2013-09-05 10:53:32,747 [main] [TRACE] [ge.framework.application.core.Application.loadApplicationConfiguration(228)] - Loading ApplicationConfiguration from: C:\Users\evison_g\.TestSingle\TestSingle.xml
2013-09-05 10:53:32,894 [main] [TRACE] [ge.framework.application.core.Application.loadApplicationConfiguration(247)] - Found config file: C:\Users\evison_g\.TestSingle\TestSingle.xml
2013-09-05 10:53:32,978 [main] [TRACE] [ge.framework.frame.core.ApplicationFrame.initialiseFrame(81)] - Initialising frame.
2013-09-05 10:53:33,006 [main] [TRACE] [ge.framework.frame.core.ApplicationFrame.initialiseFrame(96)] - Initialising dockable bar manager.
2013-09-05 10:53:33,159 [main] [TRACE] [ge.framework.frame.core.ApplicationFrame.initialiseFrame(100)] - Initialising docking manager.
2013-09-05 10:53:33,291 [main] [TRACE] [ge.framework.frame.core.manager.ApplicationDockingManager.<init>(41)] - Initialising workspace.
2013-09-05 10:53:33,291 [main] [TRACE] [ge.framework.frame.core.manager.ApplicationDockingManager.<init>(45)] - Initialising document pane.
2013-09-05 10:53:33,304 [main] [TRACE] [ge.framework.frame.core.ApplicationFrame.initialiseFrame(103)] - Initialising status bar.
2013-09-05 10:53:33,327 [main] [TRACE] [ge.framework.frame.core.ApplicationFrame.initialiseFrame(107)] - Initialising layout persistence manager.
2013-09-05 10:53:33,481 [main] [DEBUG] [ge.framework.frame.core.ApplicationFrame.addDockableBar(213)] - Adding dockable bar: menuBar
2013-09-05 10:53:33,487 [main] [DEBUG] [ge.framework.frame.core.ApplicationFrame.addDockableBar(213)] - Adding dockable bar: propertiesCommandBar
2013-09-05 10:53:33,492 [main] [DEBUG] [ge.framework.frame.core.ApplicationFrame.addDockableBar(213)] - Adding dockable bar: Command Bar 0
2013-09-05 10:53:33,495 [main] [DEBUG] [ge.framework.frame.core.ApplicationFrame.addDockableBar(213)] - Adding dockable bar: Command Bar 1
2013-09-05 10:53:33,499 [main] [DEBUG] [ge.framework.frame.core.ApplicationFrame.addDockableBar(213)] - Adding dockable bar: Command Bar 2
2013-09-05 10:53:33,503 [main] [DEBUG] [ge.framework.frame.core.ApplicationFrame.addDockableBar(213)] - Adding dockable bar: Command Bar 3
2013-09-05 10:53:33,509 [main] [DEBUG] [ge.framework.frame.core.ApplicationFrame.addDockableBar(213)] - Adding dockable bar: Command Bar 4
2013-09-05 10:53:33,513 [main] [DEBUG] [ge.framework.frame.core.ApplicationFrame.addDockableBar(213)] - Adding dockable bar: Command Bar 5
2013-09-05 10:53:33,516 [main] [DEBUG] [ge.framework.frame.core.ApplicationFrame.addDockableBar(213)] - Adding dockable bar: Command Bar 6
2013-09-05 10:53:33,520 [main] [DEBUG] [ge.framework.frame.core.ApplicationFrame.addDockableBar(213)] - Adding dockable bar: Command Bar 7
2013-09-05 10:53:33,523 [main] [DEBUG] [ge.framework.frame.core.ApplicationFrame.addDockableBar(213)] - Adding dockable bar: Command Bar 8
2013-09-05 10:53:33,526 [main] [DEBUG] [ge.framework.frame.core.ApplicationFrame.addDockableBar(213)] - Adding dockable bar: Command Bar 9
2013-09-05 10:53:33,528 [main] [DEBUG] [ge.framework.frame.core.ApplicationFrame.addDockableBar(213)] - Adding dockable bar: Command Bar 10
2013-09-05 10:53:33,531 [main] [DEBUG] [ge.framework.frame.core.ApplicationFrame.addDockableBar(213)] - Adding dockable bar: Command Bar 11
2013-09-05 10:53:33,533 [main] [DEBUG] [ge.framework.frame.core.ApplicationFrame.addDockableBar(213)] - Adding dockable bar: Command Bar 12
2013-09-05 10:53:33,536 [main] [DEBUG] [ge.framework.frame.core.ApplicationFrame.addDockableBar(213)] - Adding dockable bar: Command Bar 13
2013-09-05 10:53:33,538 [main] [DEBUG] [ge.framework.frame.core.ApplicationFrame.addDockableBar(213)] - Adding dockable bar: Command Bar 14
2013-09-05 10:53:33,541 [main] [DEBUG] [ge.framework.frame.core.ApplicationFrame.addDockableBar(213)] - Adding dockable bar: Command Bar 15
2013-09-05 10:53:33,544 [main] [DEBUG] [ge.framework.frame.core.ApplicationFrame.addDockableBar(213)] - Adding dockable bar: Command Bar 16
2013-09-05 10:53:33,547 [main] [DEBUG] [ge.framework.frame.core.ApplicationFrame.addDockableBar(213)] - Adding dockable bar: Command Bar 17
2013-09-05 10:53:33,549 [main] [DEBUG] [ge.framework.frame.core.ApplicationFrame.addDockableBar(213)] - Adding dockable bar: Command Bar 18
2013-09-05 10:53:33,551 [main] [DEBUG] [ge.framework.frame.core.ApplicationFrame.addDockableBar(213)] - Adding dockable bar: Command Bar 19
2013-09-05 10:53:33,554 [main] [DEBUG] [ge.framework.frame.core.ApplicationFrame.addDockableBar(213)] - Adding dockable bar: Command Bar 20
2013-09-05 10:53:33,556 [main] [DEBUG] [ge.framework.frame.core.ApplicationFrame.addDockableBar(213)] - Adding dockable bar: Command Bar 21
2013-09-05 10:53:33,558 [main] [DEBUG] [ge.framework.frame.core.ApplicationFrame.addDockableBar(213)] - Adding dockable bar: Command Bar 22
2013-09-05 10:53:33,561 [main] [DEBUG] [ge.framework.frame.core.ApplicationFrame.addDockableBar(213)] - Adding dockable bar: Command Bar 23
2013-09-05 10:53:33,565 [main] [DEBUG] [ge.framework.frame.core.ApplicationFrame.addDockableBar(213)] - Adding dockable bar: Command Bar 24
2013-09-05 10:53:33,567 [main] [DEBUG] [ge.framework.frame.core.ApplicationFrame.addDockableBar(213)] - Adding dockable bar: Command Bar 25
2013-09-05 10:53:33,569 [main] [DEBUG] [ge.framework.frame.core.ApplicationFrame.addDockableBar(213)] - Adding dockable bar: Command Bar 26
2013-09-05 10:53:33,734 [main] [DEBUG] [ge.framework.frame.core.ApplicationFrame.addDockableBar(213)] - Adding dockable bar: Command Bar 27
2013-09-05 10:53:33,738 [main] [DEBUG] [ge.framework.frame.core.ApplicationFrame.addDockableBar(213)] - Adding dockable bar: Command Bar 28
2013-09-05 10:53:33,740 [main] [DEBUG] [ge.framework.frame.core.ApplicationFrame.addDockableBar(213)] - Adding dockable bar: Command Bar 29
2013-09-05 10:53:33,749 [main] [DEBUG] [ge.framework.frame.core.ApplicationFrame.addDockableBar(213)] - Adding dockable bar: Command Bar 30
2013-09-05 10:53:33,752 [main] [DEBUG] [ge.framework.frame.core.ApplicationFrame.addDockableBar(213)] - Adding dockable bar: Command Bar 31
2013-09-05 10:53:33,783 [main] [DEBUG] [ge.framework.frame.core.manager.ApplicationDockingManager.addFrame(54)] - Adding dockable frame: Frame 32
2013-09-05 10:53:33,836 [main] [DEBUG] [ge.framework.frame.core.manager.ApplicationDockingManager.addFrame(54)] - Adding dockable frame: Frame 33
2013-09-05 10:53:33,841 [main] [DEBUG] [ge.framework.frame.core.manager.ApplicationDockingManager.addFrame(54)] - Adding dockable frame: Frame 34
2013-09-05 10:53:33,846 [main] [DEBUG] [ge.framework.frame.core.manager.ApplicationDockingManager.addFrame(54)] - Adding dockable frame: Frame 35
2013-09-05 10:53:33,850 [main] [DEBUG] [ge.framework.frame.core.manager.ApplicationDockingManager.addFrame(54)] - Adding dockable frame: Frame 36
2013-09-05 10:53:33,855 [main] [DEBUG] [ge.framework.frame.core.manager.ApplicationDockingManager.addFrame(54)] - Adding dockable frame: Frame 37
2013-09-05 10:53:33,859 [main] [DEBUG] [ge.framework.frame.core.manager.ApplicationDockingManager.addFrame(54)] - Adding dockable frame: Frame 38
2013-09-05 10:53:33,862 [main] [DEBUG] [ge.framework.frame.core.manager.ApplicationDockingManager.addFrame(54)] - Adding dockable frame: Frame 39
2013-09-05 10:53:33,867 [main] [DEBUG] [ge.framework.frame.core.manager.ApplicationDockingManager.addFrame(54)] - Adding dockable frame: Frame 40
2013-09-05 10:53:33,871 [main] [DEBUG] [ge.framework.frame.core.manager.ApplicationDockingManager.addFrame(54)] - Adding dockable frame: Frame 41
2013-09-05 10:53:33,875 [main] [DEBUG] [ge.framework.frame.core.manager.ApplicationDockingManager.addFrame(54)] - Adding dockable frame: Frame 42
2013-09-05 10:53:33,878 [main] [DEBUG] [ge.framework.frame.core.manager.ApplicationDockingManager.addFrame(54)] - Adding dockable frame: Frame 43
2013-09-05 10:53:33,880 [main] [DEBUG] [ge.framework.frame.core.manager.ApplicationDockingManager.addFrame(54)] - Adding dockable frame: Frame 44
2013-09-05 10:53:33,883 [main] [DEBUG] [ge.framework.frame.core.manager.ApplicationDockingManager.addFrame(54)] - Adding dockable frame: Frame 45
2013-09-05 10:53:33,885 [main] [DEBUG] [ge.framework.frame.core.manager.ApplicationDockingManager.addFrame(54)] - Adding dockable frame: Frame 46
2013-09-05 10:53:33,888 [main] [DEBUG] [ge.framework.frame.core.manager.ApplicationDockingManager.addFrame(54)] - Adding dockable frame: Frame 47
2013-09-05 10:53:33,890 [main] [DEBUG] [ge.framework.frame.core.manager.ApplicationDockingManager.addFrame(54)] - Adding dockable frame: Frame 48
2013-09-05 10:53:33,893 [main] [DEBUG] [ge.framework.frame.core.manager.ApplicationDockingManager.addFrame(54)] - Adding dockable frame: Frame 49
2013-09-05 10:53:33,895 [main] [DEBUG] [ge.framework.frame.core.manager.ApplicationDockingManager.addFrame(54)] - Adding dockable frame: Frame 50
2013-09-05 10:53:33,898 [main] [DEBUG] [ge.framework.frame.core.manager.ApplicationDockingManager.addFrame(54)] - Adding dockable frame: Frame 51
2013-09-05 10:53:33,900 [main] [DEBUG] [ge.framework.frame.core.manager.ApplicationDockingManager.addFrame(54)] - Adding dockable frame: Frame 52
2013-09-05 10:53:33,903 [main] [DEBUG] [ge.framework.frame.core.manager.ApplicationDockingManager.addFrame(54)] - Adding dockable frame: Frame 53
2013-09-05 10:53:33,905 [main] [DEBUG] [ge.framework.frame.core.manager.ApplicationDockingManager.addFrame(54)] - Adding dockable frame: Frame 54
2013-09-05 10:53:33,908 [main] [DEBUG] [ge.framework.frame.core.manager.ApplicationDockingManager.addFrame(54)] - Adding dockable frame: Frame 55
2013-09-05 10:53:33,911 [main] [DEBUG] [ge.framework.frame.core.manager.ApplicationDockingManager.addFrame(54)] - Adding dockable frame: Frame 56
2013-09-05 10:53:33,912 [main] [DEBUG] [ge.framework.frame.core.document.ApplicationDocumentPane.openDocument(29)] - Opening document: Document 57
2013-09-05 10:53:33,983 [main] [DEBUG] [ge.framework.frame.core.document.ApplicationDocumentPane.openDocument(29)] - Opening document: Document 58
2013-09-05 10:53:33,984 [main] [DEBUG] [ge.framework.frame.core.document.ApplicationDocumentPane.openDocument(29)] - Opening document: Document 59
2013-09-05 10:53:33,985 [main] [DEBUG] [ge.framework.frame.core.document.ApplicationDocumentPane.openDocument(29)] - Opening document: Document 60
2013-09-05 10:53:33,986 [main] [DEBUG] [ge.framework.frame.core.document.ApplicationDocumentPane.openDocument(29)] - Opening document: Document 61
2013-09-05 10:53:33,987 [main] [DEBUG] [ge.framework.frame.core.document.ApplicationDocumentPane.openDocument(29)] - Opening document: Document 62
2013-09-05 10:53:33,988 [main] [DEBUG] [ge.framework.frame.core.document.ApplicationDocumentPane.openDocument(29)] - Opening document: Document 63
2013-09-05 10:53:33,990 [main] [DEBUG] [ge.framework.frame.core.document.ApplicationDocumentPane.openDocument(29)] - Opening document: Document 64
2013-09-05 10:53:33,992 [main] [DEBUG] [ge.framework.frame.core.document.ApplicationDocumentPane.openDocument(29)] - Opening document: Document 65
2013-09-05 10:53:33,993 [main] [DEBUG] [ge.framework.frame.core.document.ApplicationDocumentPane.openDocument(29)] - Opening document: Document 66
2013-09-05 10:53:33,994 [main] [DEBUG] [ge.framework.frame.core.document.ApplicationDocumentPane.openDocument(29)] - Opening document: Document 67
2013-09-05 10:53:33,996 [main] [DEBUG] [ge.framework.frame.core.document.ApplicationDocumentPane.openDocument(29)] - Opening document: Document 68
2013-09-05 10:53:33,998 [main] [DEBUG] [ge.framework.frame.core.document.ApplicationDocumentPane.openDocument(29)] - Opening document: Document 69
2013-09-05 10:53:34,000 [main] [DEBUG] [ge.framework.frame.core.document.ApplicationDocumentPane.openDocument(29)] - Opening document: Document 70
2013-09-05 10:53:34,002 [main] [DEBUG] [ge.framework.frame.core.document.ApplicationDocumentPane.openDocument(29)] - Opening document: Document 71
2013-09-05 10:53:34,003 [main] [DEBUG] [ge.framework.frame.core.document.ApplicationDocumentPane.openDocument(29)] - Opening document: Document 72
2013-09-05 10:53:34,005 [main] [DEBUG] [ge.framework.frame.core.document.ApplicationDocumentPane.openDocument(29)] - Opening document: Document 73
2013-09-05 10:53:34,006 [main] [DEBUG] [ge.framework.frame.core.document.ApplicationDocumentPane.openDocument(29)] - Opening document: Document 74
2013-09-05 10:53:34,007 [main] [DEBUG] [ge.framework.frame.core.document.ApplicationDocumentPane.openDocument(29)] - Opening document: Document 75
2013-09-05 10:53:34,008 [main] [DEBUG] [ge.framework.frame.core.document.ApplicationDocumentPane.openDocument(29)] - Opening document: Document 76
2013-09-05 10:53:34,009 [main] [DEBUG] [ge.framework.frame.core.document.ApplicationDocumentPane.openDocument(29)] - Opening document: Document 77
2013-09-05 10:53:34,011 [main] [DEBUG] [ge.framework.frame.core.document.ApplicationDocumentPane.openDocument(29)] - Opening document: Document 78
2013-09-05 10:53:34,011 [main] [DEBUG] [ge.framework.frame.core.document.ApplicationDocumentPane.openDocument(29)] - Opening document: Document 79
2013-09-05 10:53:34,013 [main] [DEBUG] [ge.framework.frame.core.document.ApplicationDocumentPane.openDocument(29)] - Opening document: Document 80
2013-09-05 10:53:34,015 [main] [DEBUG] [ge.framework.frame.core.document.ApplicationDocumentPane.openDocument(29)] - Opening document: Document 81
2013-09-05 10:53:34,017 [main] [DEBUG] [ge.framework.frame.core.document.ApplicationDocumentPane.openDocument(29)] - Opening document: Document 82
2013-09-05 10:53:34,019 [main] [DEBUG] [ge.framework.frame.core.document.ApplicationDocumentPane.openDocument(29)] - Opening document: Document 83
2013-09-05 10:53:34,020 [main] [DEBUG] [ge.framework.frame.core.document.ApplicationDocumentPane.openDocument(29)] - Opening document: Document 84
2013-09-05 10:53:34,021 [main] [DEBUG] [ge.framework.frame.core.document.ApplicationDocumentPane.openDocument(29)] - Opening document: Document 85
2013-09-05 10:53:34,023 [main] [DEBUG] [ge.framework.frame.core.document.ApplicationDocumentPane.openDocument(29)] - Opening document: Document 86
2013-09-05 10:53:34,024 [main] [DEBUG] [ge.framework.frame.core.document.ApplicationDocumentPane.openDocument(29)] - Opening document: Document 87
2013-09-05 10:53:34,026 [main] [DEBUG] [ge.framework.frame.core.document.ApplicationDocumentPane.openDocument(29)] - Opening document: Document 88
2013-09-05 10:53:44,108 [AWT-EventQueue-0] [DEBUG] [ge.framework.application.core.Application.processExit(333)] - Processing Exit
2013-09-05 10:53:44,109 [AWT-EventQueue-0] [DEBUG] [ge.framework.application.core.Application.processExit(357)] - Closing frames.
2013-09-05 10:53:44,109 [AWT-EventQueue-0] [INFO] [ge.framework.frame.core.ApplicationFrame.close(300)] - Firing close event.
2013-09-05 10:53:44,113 [AWT-EventQueue-0] [DEBUG] [ge.framework.frame.core.ApplicationFrame.closing(309)] - Closing window.
2013-09-05 10:53:44,242 [AWT-EventQueue-0] [DEBUG] [ge.framework.frame.core.ApplicationFrame.closed(362)] - Window closed.
2013-09-05 10:53:44,243 [AWT-EventQueue-0] [TRACE] [ge.framework.application.core.Application.saveApplicationConfiguration(283)] - Saving ApplicationConfiguration to: C:\Users\evison_g\.TestSingle\TestSingle.xml
2013-09-05 10:55:07,729 [main] [TRACE] [ge.framework.application.ApplicationFramework.start(44)] - entry params(application.xml, null, [Ljava.lang.String;@cbf30e)
2013-09-05 10:55:08,103 [main] [TRACE] [ge.utils.spring.BeanObject.<init>(24)] - Created bean object.
2013-09-05 10:55:08,231 [main] [INFO] [ge.framework.application.ApplicationFramework.start(71)] - Getting application bean: TestSingleApplication
2013-09-05 10:55:08,526 [main] [TRACE] [ge.framework.application.core.Application.loadApplicationConfiguration(228)] - Loading ApplicationConfiguration from: C:\Users\evison_g\.TestSingle\TestSingle.xml
2013-09-05 10:55:08,561 [main] [TRACE] [ge.framework.application.core.Application.loadApplicationConfiguration(247)] - Found config file: C:\Users\evison_g\.TestSingle\TestSingle.xml
2013-09-05 10:55:08,591 [main] [TRACE] [ge.framework.frame.core.ApplicationFrame.initialiseFrame(81)] - Initialising frame.
2013-09-05 10:55:08,592 [main] [TRACE] [ge.framework.frame.core.ApplicationFrame.initialiseFrame(96)] - Initialising dockable bar manager.
2013-09-05 10:55:08,609 [main] [TRACE] [ge.framework.frame.core.ApplicationFrame.initialiseFrame(100)] - Initialising docking manager.
2013-09-05 10:55:08,670 [main] [TRACE] [ge.framework.frame.core.manager.ApplicationDockingManager.<init>(41)] - Initialising workspace.
2013-09-05 10:55:08,670 [main] [TRACE] [ge.framework.frame.core.manager.ApplicationDockingManager.<init>(45)] - Initialising document pane.
2013-09-05 10:55:08,681 [main] [TRACE] [ge.framework.frame.core.ApplicationFrame.initialiseFrame(103)] - Initialising status bar.
2013-09-05 10:55:08,685 [main] [TRACE] [ge.framework.frame.core.ApplicationFrame.initialiseFrame(107)] - Initialising layout persistence manager.
2013-09-05 10:55:08,747 [main] [DEBUG] [ge.framework.frame.core.ApplicationFrame.addDockableBar(213)] - Adding dockable bar: menuBar
2013-09-05 10:55:08,752 [main] [DEBUG] [ge.framework.frame.core.ApplicationFrame.addDockableBar(213)] - Adding dockable bar: propertiesCommandBar
2013-09-05 10:55:08,756 [main] [DEBUG] [ge.framework.frame.core.ApplicationFrame.addDockableBar(213)] - Adding dockable bar: Command Bar 0
2013-09-05 10:55:08,759 [main] [DEBUG] [ge.framework.frame.core.ApplicationFrame.addDockableBar(213)] - Adding dockable bar: Command Bar 1
2013-09-05 10:55:08,762 [main] [DEBUG] [ge.framework.frame.core.ApplicationFrame.addDockableBar(213)] - Adding dockable bar: Command Bar 2
2013-09-05 10:55:08,766 [main] [DEBUG] [ge.framework.frame.core.ApplicationFrame.addDockableBar(213)] - Adding dockable bar: Command Bar 3
2013-09-05 10:55:08,769 [main] [DEBUG] [ge.framework.frame.core.ApplicationFrame.addDockableBar(213)] - Adding dockable bar: Command Bar 4
2013-09-05 10:55:08,772 [main] [DEBUG] [ge.framework.frame.core.ApplicationFrame.addDockableBar(213)] - Adding dockable bar: Command Bar 5
2013-09-05 10:55:08,775 [main] [DEBUG] [ge.framework.frame.core.ApplicationFrame.addDockableBar(213)] - Adding dockable bar: Command Bar 6
2013-09-05 10:55:08,777 [main] [DEBUG] [ge.framework.frame.core.ApplicationFrame.addDockableBar(213)] - Adding dockable bar: Command Bar 7
2013-09-05 10:55:08,781 [main] [DEBUG] [ge.framework.frame.core.ApplicationFrame.addDockableBar(213)] - Adding dockable bar: Command Bar 8
2013-09-05 10:55:08,784 [main] [DEBUG] [ge.framework.frame.core.ApplicationFrame.addDockableBar(213)] - Adding dockable bar: Command Bar 9
2013-09-05 10:55:08,786 [main] [DEBUG] [ge.framework.frame.core.ApplicationFrame.addDockableBar(213)] - Adding dockable bar: Command Bar 10
2013-09-05 10:55:08,788 [main] [DEBUG] [ge.framework.frame.core.ApplicationFrame.addDockableBar(213)] - Adding dockable bar: Command Bar 11
2013-09-05 10:55:08,791 [main] [DEBUG] [ge.framework.frame.core.ApplicationFrame.addDockableBar(213)] - Adding dockable bar: Command Bar 12
2013-09-05 10:55:08,793 [main] [DEBUG] [ge.framework.frame.core.ApplicationFrame.addDockableBar(213)] - Adding dockable bar: Command Bar 13
2013-09-05 10:55:08,796 [main] [DEBUG] [ge.framework.frame.core.ApplicationFrame.addDockableBar(213)] - Adding dockable bar: Command Bar 14
2013-09-05 10:55:08,799 [main] [DEBUG] [ge.framework.frame.core.ApplicationFrame.addDockableBar(213)] - Adding dockable bar: Command Bar 15
2013-09-05 10:55:08,801 [main] [DEBUG] [ge.framework.frame.core.ApplicationFrame.addDockableBar(213)] - Adding dockable bar: Command Bar 16
2013-09-05 10:55:08,803 [main] [DEBUG] [ge.framework.frame.core.ApplicationFrame.addDockableBar(213)] - Adding dockable bar: Command Bar 17
2013-09-05 10:55:08,806 [main] [DEBUG] [ge.framework.frame.core.ApplicationFrame.addDockableBar(213)] - Adding dockable bar: Command Bar 18
2013-09-05 10:55:08,808 [main] [DEBUG] [ge.framework.frame.core.ApplicationFrame.addDockableBar(213)] - Adding dockable bar: Command Bar 19
2013-09-05 10:55:08,810 [main] [DEBUG] [ge.framework.frame.core.ApplicationFrame.addDockableBar(213)] - Adding dockable bar: Command Bar 20
2013-09-05 10:55:08,813 [main] [DEBUG] [ge.framework.frame.core.ApplicationFrame.addDockableBar(213)] - Adding dockable bar: Command Bar 21
2013-09-05 10:55:08,816 [main] [DEBUG] [ge.framework.frame.core.ApplicationFrame.addDockableBar(213)] - Adding dockable bar: Command Bar 22
2013-09-05 10:55:08,818 [main] [DEBUG] [ge.framework.frame.core.ApplicationFrame.addDockableBar(213)] - Adding dockable bar: Command Bar 23
2013-09-05 10:55:08,820 [main] [DEBUG] [ge.framework.frame.core.ApplicationFrame.addDockableBar(213)] - Adding dockable bar: Command Bar 24
2013-09-05 10:55:08,822 [main] [DEBUG] [ge.framework.frame.core.ApplicationFrame.addDockableBar(213)] - Adding dockable bar: Command Bar 25
2013-09-05 10:55:08,825 [main] [DEBUG] [ge.framework.frame.core.ApplicationFrame.addDockableBar(213)] - Adding dockable bar: Command Bar 26
2013-09-05 10:55:08,827 [main] [DEBUG] [ge.framework.frame.core.ApplicationFrame.addDockableBar(213)] - Adding dockable bar: Command Bar 27
2013-09-05 10:55:08,829 [main] [DEBUG] [ge.framework.frame.core.ApplicationFrame.addDockableBar(213)] - Adding dockable bar: Command Bar 28
2013-09-05 10:55:08,832 [main] [DEBUG] [ge.framework.frame.core.ApplicationFrame.addDockableBar(213)] - Adding dockable bar: Command Bar 29
2013-09-05 10:55:08,834 [main] [DEBUG] [ge.framework.frame.core.ApplicationFrame.addDockableBar(213)] - Adding dockable bar: Command Bar 30
2013-09-05 10:55:08,837 [main] [DEBUG] [ge.framework.frame.core.ApplicationFrame.addDockableBar(213)] - Adding dockable bar: Command Bar 31
2013-09-05 10:55:08,863 [main] [DEBUG] [ge.framework.frame.core.manager.ApplicationDockingManager.addFrame(54)] - Adding dockable frame: Frame 32
2013-09-05 10:55:08,873 [main] [DEBUG] [ge.framework.frame.core.manager.ApplicationDockingManager.addFrame(54)] - Adding dockable frame: Frame 33
2013-09-05 10:55:08,876 [main] [DEBUG] [ge.framework.frame.core.manager.ApplicationDockingManager.addFrame(54)] - Adding dockable frame: Frame 34
2013-09-05 10:55:08,878 [main] [DEBUG] [ge.framework.frame.core.manager.ApplicationDockingManager.addFrame(54)] - Adding dockable frame: Frame 35
2013-09-05 10:55:08,881 [main] [DEBUG] [ge.framework.frame.core.manager.ApplicationDockingManager.addFrame(54)] - Adding dockable frame: Frame 36
2013-09-05 10:55:08,884 [main] [DEBUG] [ge.framework.frame.core.manager.ApplicationDockingManager.addFrame(54)] - Adding dockable frame: Frame 37
2013-09-05 10:55:08,886 [main] [DEBUG] [ge.framework.frame.core.manager.ApplicationDockingManager.addFrame(54)] - Adding dockable frame: Frame 38
2013-09-05 10:55:08,889 [main] [DEBUG] [ge.framework.frame.core.manager.ApplicationDockingManager.addFrame(54)] - Adding dockable frame: Frame 39
2013-09-05 10:55:08,892 [main] [DEBUG] [ge.framework.frame.core.manager.ApplicationDockingManager.addFrame(54)] - Adding dockable frame: Frame 40
2013-09-05 10:55:08,894 [main] [DEBUG] [ge.framework.frame.core.manager.ApplicationDockingManager.addFrame(54)] - Adding dockable frame: Frame 41
2013-09-05 10:55:08,896 [main] [DEBUG] [ge.framework.frame.core.manager.ApplicationDockingManager.addFrame(54)] - Adding dockable frame: Frame 42
2013-09-05 10:55:08,899 [main] [DEBUG] [ge.framework.frame.core.manager.ApplicationDockingManager.addFrame(54)] - Adding dockable frame: Frame 43
2013-09-05 10:55:08,901 [main] [DEBUG] [ge.framework.frame.core.manager.ApplicationDockingManager.addFrame(54)] - Adding dockable frame: Frame 44
2013-09-05 10:55:08,903 [main] [DEBUG] [ge.framework.frame.core.manager.ApplicationDockingManager.addFrame(54)] - Adding dockable frame: Frame 45
2013-09-05 10:55:08,906 [main] [DEBUG] [ge.framework.frame.core.manager.ApplicationDockingManager.addFrame(54)] - Adding dockable frame: Frame 46
2013-09-05 10:55:08,908 [main] [DEBUG] [ge.framework.frame.core.manager.ApplicationDockingManager.addFrame(54)] - Adding dockable frame: Frame 47
2013-09-05 10:55:08,910 [main] [DEBUG] [ge.framework.frame.core.manager.ApplicationDockingManager.addFrame(54)] - Adding dockable frame: Frame 48
2013-09-05 10:55:08,912 [main] [DEBUG] [ge.framework.frame.core.manager.ApplicationDockingManager.addFrame(54)] - Adding dockable frame: Frame 49
2013-09-05 10:55:08,914 [main] [DEBUG] [ge.framework.frame.core.manager.ApplicationDockingManager.addFrame(54)] - Adding dockable frame: Frame 50
2013-09-05 10:55:08,917 [main] [DEBUG] [ge.framework.frame.core.manager.ApplicationDockingManager.addFrame(54)] - Adding dockable frame: Frame 51
2013-09-05 10:55:08,919 [main] [DEBUG] [ge.framework.frame.core.manager.ApplicationDockingManager.addFrame(54)] - Adding dockable frame: Frame 52
2013-09-05 10:55:08,921 [main] [DEBUG] [ge.framework.frame.core.manager.ApplicationDockingManager.addFrame(54)] - Adding dockable frame: Frame 53
2013-09-05 10:55:08,924 [main] [DEBUG] [ge.framework.frame.core.manager.ApplicationDockingManager.addFrame(54)] - Adding dockable frame: Frame 54
2013-09-05 10:55:08,926 [main] [DEBUG] [ge.framework.frame.core.manager.ApplicationDockingManager.addFrame(54)] - Adding dockable frame: Frame 55
2013-09-05 10:55:08,928 [main] [DEBUG] [ge.framework.frame.core.manager.ApplicationDockingManager.addFrame(54)] - Adding dockable frame: Frame 56
2013-09-05 10:55:08,929 [main] [DEBUG] [ge.framework.frame.core.document.ApplicationDocumentPane.openDocument(29)] - Opening document: Document 57
2013-09-05 10:55:08,983 [main] [DEBUG] [ge.framework.frame.core.document.ApplicationDocumentPane.openDocument(29)] - Opening document: Document 58
2013-09-05 10:55:08,984 [main] [DEBUG] [ge.framework.frame.core.document.ApplicationDocumentPane.openDocument(29)] - Opening document: Document 59
2013-09-05 10:55:08,985 [main] [DEBUG] [ge.framework.frame.core.document.ApplicationDocumentPane.openDocument(29)] - Opening document: Document 60
2013-09-05 10:55:08,985 [main] [DEBUG] [ge.framework.frame.core.document.ApplicationDocumentPane.openDocument(29)] - Opening document: Document 61
2013-09-05 10:55:08,986 [main] [DEBUG] [ge.framework.frame.core.document.ApplicationDocumentPane.openDocument(29)] - Opening document: Document 62
2013-09-05 10:55:08,987 [main] [DEBUG] [ge.framework.frame.core.document.ApplicationDocumentPane.openDocument(29)] - Opening document: Document 63
2013-09-05 10:55:08,988 [main] [DEBUG] [ge.framework.frame.core.document.ApplicationDocumentPane.openDocument(29)] - Opening document: Document 64
2013-09-05 10:55:08,989 [main] [DEBUG] [ge.framework.frame.core.document.ApplicationDocumentPane.openDocument(29)] - Opening document: Document 65
2013-09-05 10:55:08,991 [main] [DEBUG] [ge.framework.frame.core.document.ApplicationDocumentPane.openDocument(29)] - Opening document: Document 66
2013-09-05 10:55:08,992 [main] [DEBUG] [ge.framework.frame.core.document.ApplicationDocumentPane.openDocument(29)] - Opening document: Document 67
2013-09-05 10:55:08,993 [main] [DEBUG] [ge.framework.frame.core.document.ApplicationDocumentPane.openDocument(29)] - Opening document: Document 68
2013-09-05 10:55:08,995 [main] [DEBUG] [ge.framework.frame.core.document.ApplicationDocumentPane.openDocument(29)] - Opening document: Document 69
2013-09-05 10:55:08,996 [main] [DEBUG] [ge.framework.frame.core.document.ApplicationDocumentPane.openDocument(29)] - Opening document: Document 70
2013-09-05 10:55:08,998 [main] [DEBUG] [ge.framework.frame.core.document.ApplicationDocumentPane.openDocument(29)] - Opening document: Document 71
2013-09-05 10:55:08,999 [main] [DEBUG] [ge.framework.frame.core.document.ApplicationDocumentPane.openDocument(29)] - Opening document: Document 72
2013-09-05 10:55:09,000 [main] [DEBUG] [ge.framework.frame.core.document.ApplicationDocumentPane.openDocument(29)] - Opening document: Document 73
2013-09-05 10:55:09,001 [main] [DEBUG] [ge.framework.frame.core.document.ApplicationDocumentPane.openDocument(29)] - Opening document: Document 74
2013-09-05 10:55:09,002 [main] [DEBUG] [ge.framework.frame.core.document.ApplicationDocumentPane.openDocument(29)] - Opening document: Document 75
2013-09-05 10:55:09,003 [main] [DEBUG] [ge.framework.frame.core.document.ApplicationDocumentPane.openDocument(29)] - Opening document: Document 76
2013-09-05 10:55:09,004 [main] [DEBUG] [ge.framework.frame.core.document.ApplicationDocumentPane.openDocument(29)] - Opening document: Document 77
2013-09-05 10:55:09,005 [main] [DEBUG] [ge.framework.frame.core.document.ApplicationDocumentPane.openDocument(29)] - Opening document: Document 78
2013-09-05 10:55:09,006 [main] [DEBUG] [ge.framework.frame.core.document.ApplicationDocumentPane.openDocument(29)] - Opening document: Document 79
2013-09-05 10:55:09,007 [main] [DEBUG] [ge.framework.frame.core.document.ApplicationDocumentPane.openDocument(29)] - Opening document: Document 80
2013-09-05 10:55:09,008 [main] [DEBUG] [ge.framework.frame.core.document.ApplicationDocumentPane.openDocument(29)] - Opening document: Document 81
2013-09-05 10:55:09,009 [main] [DEBUG] [ge.framework.frame.core.document.ApplicationDocumentPane.openDocument(29)] - Opening document: Document 82
2013-09-05 10:55:09,010 [main] [DEBUG] [ge.framework.frame.core.document.ApplicationDocumentPane.openDocument(29)] - Opening document: Document 83
2013-09-05 10:55:09,011 [main] [DEBUG] [ge.framework.frame.core.document.ApplicationDocumentPane.openDocument(29)] - Opening document: Document 84
2013-09-05 10:55:09,012 [main] [DEBUG] [ge.framework.frame.core.document.ApplicationDocumentPane.openDocument(29)] - Opening document: Document 85
2013-09-05 10:55:09,015 [main] [DEBUG] [ge.framework.frame.core.document.ApplicationDocumentPane.openDocument(29)] - Opening document: Document 86
2013-09-05 10:55:09,016 [main] [DEBUG] [ge.framework.frame.core.document.ApplicationDocumentPane.openDocument(29)] - Opening document: Document 87
2013-09-05 10:55:09,018 [main] [DEBUG] [ge.framework.frame.core.document.ApplicationDocumentPane.openDocument(29)] - Opening document: Document 88
2013-09-05 10:55:13,360 [AWT-EventQueue-0] [DEBUG] [ge.framework.application.core.Application.processExit(333)] - Processing Exit
2013-09-05 10:55:13,361 [AWT-EventQueue-0] [DEBUG] [ge.framework.application.core.Application.processExit(357)] - Closing frames.
2013-09-05 10:55:13,361 [AWT-EventQueue-0] [INFO] [ge.framework.frame.core.ApplicationFrame.close(300)] - Firing close event.
2013-09-05 10:55:13,365 [AWT-EventQueue-0] [DEBUG] [ge.framework.frame.core.ApplicationFrame.closing(309)] - Closing window.
2013-09-05 10:55:13,417 [AWT-EventQueue-0] [DEBUG] [ge.framework.frame.core.ApplicationFrame.closed(362)] - Window closed.
2013-09-05 10:55:13,417 [AWT-EventQueue-0] [TRACE] [ge.framework.application.core.Application.saveApplicationConfiguration(283)] - Saving ApplicationConfiguration to: C:\Users\evison_g\.TestSingle\TestSingle.xml
2013-09-05 10:56:01,852 [main] [TRACE] [ge.framework.application.ApplicationFramework.start(44)] - entry params(application.xml, null, [Ljava.lang.String;@cbf30e)
2013-09-05 10:56:02,225 [main] [TRACE] [ge.utils.spring.BeanObject.<init>(24)] - Created bean object.
2013-09-05 10:56:02,350 [main] [INFO] [ge.framework.application.ApplicationFramework.start(71)] - Getting application bean: TestSingleApplication
2013-09-05 10:56:02,629 [main] [TRACE] [ge.framework.application.core.Application.loadApplicationConfiguration(228)] - Loading ApplicationConfiguration from: C:\Users\evison_g\.TestSingle\TestSingle.xml
2013-09-05 10:56:02,659 [main] [TRACE] [ge.framework.application.core.Application.loadApplicationConfiguration(247)] - Found config file: C:\Users\evison_g\.TestSingle\TestSingle.xml
2013-09-05 10:56:02,693 [main] [TRACE] [ge.framework.frame.core.ApplicationFrame.initialiseFrame(81)] - Initialising frame.
2013-09-05 10:56:02,694 [main] [TRACE] [ge.framework.frame.core.ApplicationFrame.initialiseFrame(96)] - Initialising dockable bar manager.
2013-09-05 10:56:02,711 [main] [TRACE] [ge.framework.frame.core.ApplicationFrame.initialiseFrame(100)] - Initialising docking manager.
2013-09-05 10:56:02,779 [main] [TRACE] [ge.framework.frame.core.manager.ApplicationDockingManager.<init>(41)] - Initialising workspace.
2013-09-05 10:56:02,779 [main] [TRACE] [ge.framework.frame.core.manager.ApplicationDockingManager.<init>(45)] - Initialising document pane.
2013-09-05 10:56:02,790 [main] [TRACE] [ge.framework.frame.core.ApplicationFrame.initialiseFrame(103)] - Initialising status bar.
2013-09-05 10:56:02,795 [main] [TRACE] [ge.framework.frame.core.ApplicationFrame.initialiseFrame(107)] - Initialising layout persistence manager.
2013-09-05 10:56:02,861 [main] [DEBUG] [ge.framework.frame.core.ApplicationFrame.addDockableBar(213)] - Adding dockable bar: menuBar
2013-09-05 10:56:02,866 [main] [DEBUG] [ge.framework.frame.core.ApplicationFrame.addDockableBar(213)] - Adding dockable bar: propertiesCommandBar
2013-09-05 10:56:02,870 [main] [DEBUG] [ge.framework.frame.core.ApplicationFrame.addDockableBar(213)] - Adding dockable bar: Command Bar 0
2013-09-05 10:56:02,875 [main] [DEBUG] [ge.framework.frame.core.ApplicationFrame.addDockableBar(213)] - Adding dockable bar: Command Bar 1
2013-09-05 10:56:02,879 [main] [DEBUG] [ge.framework.frame.core.ApplicationFrame.addDockableBar(213)] - Adding dockable bar: Command Bar 2
2013-09-05 10:56:02,883 [main] [DEBUG] [ge.framework.frame.core.ApplicationFrame.addDockableBar(213)] - Adding dockable bar: Command Bar 3
2013-09-05 10:56:02,887 [main] [DEBUG] [ge.framework.frame.core.ApplicationFrame.addDockableBar(213)] - Adding dockable bar: Command Bar 4
2013-09-05 10:56:02,891 [main] [DEBUG] [ge.framework.frame.core.ApplicationFrame.addDockableBar(213)] - Adding dockable bar: Command Bar 5
2013-09-05 10:56:02,894 [main] [DEBUG] [ge.framework.frame.core.ApplicationFrame.addDockableBar(213)] - Adding dockable bar: Command Bar 6
2013-09-05 10:56:02,898 [main] [DEBUG] [ge.framework.frame.core.ApplicationFrame.addDockableBar(213)] - Adding dockable bar: Command Bar 7
2013-09-05 10:56:02,902 [main] [DEBUG] [ge.framework.frame.core.ApplicationFrame.addDockableBar(213)] - Adding dockable bar: Command Bar 8
2013-09-05 10:56:02,905 [main] [DEBUG] [ge.framework.frame.core.ApplicationFrame.addDockableBar(213)] - Adding dockable bar: Command Bar 9
2013-09-05 10:56:02,912 [main] [DEBUG] [ge.framework.frame.core.ApplicationFrame.addDockableBar(213)] - Adding dockable bar: Command Bar 10
2013-09-05 10:56:02,915 [main] [DEBUG] [ge.framework.frame.core.ApplicationFrame.addDockableBar(213)] - Adding dockable bar: Command Bar 11
2013-09-05 10:56:02,918 [main] [DEBUG] [ge.framework.frame.core.ApplicationFrame.addDockableBar(213)] - Adding dockable bar: Command Bar 12
2013-09-05 10:56:02,920 [main] [DEBUG] [ge.framework.frame.core.ApplicationFrame.addDockableBar(213)] - Adding dockable bar: Command Bar 13
2013-09-05 10:56:02,925 [main] [DEBUG] [ge.framework.frame.core.ApplicationFrame.addDockableBar(213)] - Adding dockable bar: Command Bar 14
2013-09-05 10:56:02,928 [main] [DEBUG] [ge.framework.frame.core.ApplicationFrame.addDockableBar(213)] - Adding dockable bar: Command Bar 15
2013-09-05 10:56:02,930 [main] [DEBUG] [ge.framework.frame.core.ApplicationFrame.addDockableBar(213)] - Adding dockable bar: Command Bar 16
2013-09-05 10:56:02,933 [main] [DEBUG] [ge.framework.frame.core.ApplicationFrame.addDockableBar(213)] - Adding dockable bar: Command Bar 17
2013-09-05 10:56:02,936 [main] [DEBUG] [ge.framework.frame.core.ApplicationFrame.addDockableBar(213)] - Adding dockable bar: Command Bar 18
2013-09-05 10:56:02,938 [main] [DEBUG] [ge.framework.frame.core.ApplicationFrame.addDockableBar(213)] - Adding dockable bar: Command Bar 19
2013-09-05 10:56:02,940 [main] [DEBUG] [ge.framework.frame.core.ApplicationFrame.addDockableBar(213)] - Adding dockable bar: Command Bar 20
2013-09-05 10:56:02,943 [main] [DEBUG] [ge.framework.frame.core.ApplicationFrame.addDockableBar(213)] - Adding dockable bar: Command Bar 21
2013-09-05 10:56:02,946 [main] [DEBUG] [ge.framework.frame.core.ApplicationFrame.addDockableBar(213)] - Adding dockable bar: Command Bar 22
2013-09-05 10:56:02,949 [main] [DEBUG] [ge.framework.frame.core.ApplicationFrame.addDockableBar(213)] - Adding dockable bar: Command Bar 23
2013-09-05 10:56:02,951 [main] [DEBUG] [ge.framework.frame.core.ApplicationFrame.addDockableBar(213)] - Adding dockable bar: Command Bar 24
2013-09-05 10:56:02,953 [main] [DEBUG] [ge.framework.frame.core.ApplicationFrame.addDockableBar(213)] - Adding dockable bar: Command Bar 25
2013-09-05 10:56:02,955 [main] [DEBUG] [ge.framework.frame.core.ApplicationFrame.addDockableBar(213)] - Adding dockable bar: Command Bar 26
2013-09-05 10:56:02,957 [main] [DEBUG] [ge.framework.frame.core.ApplicationFrame.addDockableBar(213)] - Adding dockable bar: Command Bar 27
2013-09-05 10:56:02,960 [main] [DEBUG] [ge.framework.frame.core.ApplicationFrame.addDockableBar(213)] - Adding dockable bar: Command Bar 28
2013-09-05 10:56:02,962 [main] [DEBUG] [ge.framework.frame.core.ApplicationFrame.addDockableBar(213)] - Adding dockable bar: Command Bar 29
2013-09-05 10:56:02,964 [main] [DEBUG] [ge.framework.frame.core.ApplicationFrame.addDockableBar(213)] - Adding dockable bar: Command Bar 30
2013-09-05 10:56:02,966 [main] [DEBUG] [ge.framework.frame.core.ApplicationFrame.addDockableBar(213)] - Adding dockable bar: Command Bar 31
2013-09-05 10:56:02,987 [main] [DEBUG] [ge.framework.frame.core.manager.ApplicationDockingManager.addFrame(54)] - Adding dockable frame: Frame 32
2013-09-05 10:56:02,996 [main] [DEBUG] [ge.framework.frame.core.manager.ApplicationDockingManager.addFrame(54)] - Adding dockable frame: Frame 33
2013-09-05 10:56:02,998 [main] [DEBUG] [ge.framework.frame.core.manager.ApplicationDockingManager.addFrame(54)] - Adding dockable frame: Frame 34
2013-09-05 10:56:03,001 [main] [DEBUG] [ge.framework.frame.core.manager.ApplicationDockingManager.addFrame(54)] - Adding dockable frame: Frame 35
2013-09-05 10:56:03,003 [main] [DEBUG] [ge.framework.frame.core.manager.ApplicationDockingManager.addFrame(54)] - Adding dockable frame: Frame 36
2013-09-05 10:56:03,006 [main] [DEBUG] [ge.framework.frame.core.manager.ApplicationDockingManager.addFrame(54)] - Adding dockable frame: Frame 37
2013-09-05 10:56:03,010 [main] [DEBUG] [ge.framework.frame.core.manager.ApplicationDockingManager.addFrame(54)] - Adding dockable frame: Frame 38
2013-09-05 10:56:03,014 [main] [DEBUG] [ge.framework.frame.core.manager.ApplicationDockingManager.addFrame(54)] - Adding dockable frame: Frame 39
2013-09-05 10:56:03,019 [main] [DEBUG] [ge.framework.frame.core.manager.ApplicationDockingManager.addFrame(54)] - Adding dockable frame: Frame 40
2013-09-05 10:56:03,022 [main] [DEBUG] [ge.framework.frame.core.manager.ApplicationDockingManager.addFrame(54)] - Adding dockable frame: Frame 41
2013-09-05 10:56:03,024 [main] [DEBUG] [ge.framework.frame.core.manager.ApplicationDockingManager.addFrame(54)] - Adding dockable frame: Frame 42
2013-09-05 10:56:03,027 [main] [DEBUG] [ge.framework.frame.core.manager.ApplicationDockingManager.addFrame(54)] - Adding dockable frame: Frame 43
2013-09-05 10:56:03,029 [main] [DEBUG] [ge.framework.frame.core.manager.ApplicationDockingManager.addFrame(54)] - Adding dockable frame: Frame 44
2013-09-05 10:56:03,031 [main] [DEBUG] [ge.framework.frame.core.manager.ApplicationDockingManager.addFrame(54)] - Adding dockable frame: Frame 45
2013-09-05 10:56:03,033 [main] [DEBUG] [ge.framework.frame.core.manager.ApplicationDockingManager.addFrame(54)] - Adding dockable frame: Frame 46
2013-09-05 10:56:03,036 [main] [DEBUG] [ge.framework.frame.core.manager.ApplicationDockingManager.addFrame(54)] - Adding dockable frame: Frame 47
2013-09-05 10:56:03,038 [main] [DEBUG] [ge.framework.frame.core.manager.ApplicationDockingManager.addFrame(54)] - Adding dockable frame: Frame 48
2013-09-05 10:56:03,040 [main] [DEBUG] [ge.framework.frame.core.manager.ApplicationDockingManager.addFrame(54)] - Adding dockable frame: Frame 49
2013-09-05 10:56:03,042 [main] [DEBUG] [ge.framework.frame.core.manager.ApplicationDockingManager.addFrame(54)] - Adding dockable frame: Frame 50
2013-09-05 10:56:03,044 [main] [DEBUG] [ge.framework.frame.core.manager.ApplicationDockingManager.addFrame(54)] - Adding dockable frame: Frame 51
2013-09-05 10:56:03,047 [main] [DEBUG] [ge.framework.frame.core.manager.ApplicationDockingManager.addFrame(54)] - Adding dockable frame: Frame 52
2013-09-05 10:56:03,049 [main] [DEBUG] [ge.framework.frame.core.manager.ApplicationDockingManager.addFrame(54)] - Adding dockable frame: Frame 53
2013-09-05 10:56:03,051 [main] [DEBUG] [ge.framework.frame.core.manager.ApplicationDockingManager.addFrame(54)] - Adding dockable frame: Frame 54
2013-09-05 10:56:03,053 [main] [DEBUG] [ge.framework.frame.core.manager.ApplicationDockingManager.addFrame(54)] - Adding dockable frame: Frame 55
2013-09-05 10:56:03,055 [main] [DEBUG] [ge.framework.frame.core.manager.ApplicationDockingManager.addFrame(54)] - Adding dockable frame: Frame 56
2013-09-05 10:56:03,057 [main] [DEBUG] [ge.framework.frame.core.document.ApplicationDocumentPane.openDocument(29)] - Opening document: Document 57
2013-09-05 10:56:03,111 [main] [DEBUG] [ge.framework.frame.core.document.ApplicationDocumentPane.openDocument(29)] - Opening document: Document 58
2013-09-05 10:56:03,112 [main] [DEBUG] [ge.framework.frame.core.document.ApplicationDocumentPane.openDocument(29)] - Opening document: Document 59
2013-09-05 10:56:03,113 [main] [DEBUG] [ge.framework.frame.core.document.ApplicationDocumentPane.openDocument(29)] - Opening document: Document 60
2013-09-05 10:56:03,113 [main] [DEBUG] [ge.framework.frame.core.document.ApplicationDocumentPane.openDocument(29)] - Opening document: Document 61
2013-09-05 10:56:03,114 [main] [DEBUG] [ge.framework.frame.core.document.ApplicationDocumentPane.openDocument(29)] - Opening document: Document 62
2013-09-05 10:56:03,115 [main] [DEBUG] [ge.framework.frame.core.document.ApplicationDocumentPane.openDocument(29)] - Opening document: Document 63
2013-09-05 10:56:03,116 [main] [DEBUG] [ge.framework.frame.core.document.ApplicationDocumentPane.openDocument(29)] - Opening document: Document 64
2013-09-05 10:56:03,118 [main] [DEBUG] [ge.framework.frame.core.document.ApplicationDocumentPane.openDocument(29)] - Opening document: Document 65
2013-09-05 10:56:03,119 [main] [DEBUG] [ge.framework.frame.core.document.ApplicationDocumentPane.openDocument(29)] - Opening document: Document 66
2013-09-05 10:56:03,121 [main] [DEBUG] [ge.framework.frame.core.document.ApplicationDocumentPane.openDocument(29)] - Opening document: Document 67
2013-09-05 10:56:03,122 [main] [DEBUG] [ge.framework.frame.core.document.ApplicationDocumentPane.openDocument(29)] - Opening document: Document 68
2013-09-05 10:56:03,124 [main] [DEBUG] [ge.framework.frame.core.document.ApplicationDocumentPane.openDocument(29)] - Opening document: Document 69
2013-09-05 10:56:03,125 [main] [DEBUG] [ge.framework.frame.core.document.ApplicationDocumentPane.openDocument(29)] - Opening document: Document 70
2013-09-05 10:56:03,126 [main] [DEBUG] [ge.framework.frame.core.document.ApplicationDocumentPane.openDocument(29)] - Opening document: Document 71
2013-09-05 10:56:03,127 [main] [DEBUG] [ge.framework.frame.core.document.ApplicationDocumentPane.openDocument(29)] - Opening document: Document 72
2013-09-05 10:56:03,128 [main] [DEBUG] [ge.framework.frame.core.document.ApplicationDocumentPane.openDocument(29)] - Opening document: Document 73
2013-09-05 10:56:03,130 [main] [DEBUG] [ge.framework.frame.core.document.ApplicationDocumentPane.openDocument(29)] - Opening document: Document 74
2013-09-05 10:56:03,131 [main] [DEBUG] [ge.framework.frame.core.document.ApplicationDocumentPane.openDocument(29)] - Opening document: Document 75
2013-09-05 10:56:03,131 [main] [DEBUG] [ge.framework.frame.core.document.ApplicationDocumentPane.openDocument(29)] - Opening document: Document 76
2013-09-05 10:56:03,132 [main] [DEBUG] [ge.framework.frame.core.document.ApplicationDocumentPane.openDocument(29)] - Opening document: Document 77
2013-09-05 10:56:03,133 [main] [DEBUG] [ge.framework.frame.core.document.ApplicationDocumentPane.openDocument(29)] - Opening document: Document 78
2013-09-05 10:56:03,134 [main] [DEBUG] [ge.framework.frame.core.document.ApplicationDocumentPane.openDocument(29)] - Opening document: Document 79
2013-09-05 10:56:03,135 [main] [DEBUG] [ge.framework.frame.core.document.ApplicationDocumentPane.openDocument(29)] - Opening document: Document 80
2013-09-05 10:56:03,136 [main] [DEBUG] [ge.framework.frame.core.document.ApplicationDocumentPane.openDocument(29)] - Opening document: Document 81
2013-09-05 10:56:03,137 [main] [DEBUG] [ge.framework.frame.core.document.ApplicationDocumentPane.openDocument(29)] - Opening document: Document 82
2013-09-05 10:56:03,138 [main] [DEBUG] [ge.framework.frame.core.document.ApplicationDocumentPane.openDocument(29)] - Opening document: Document 83
2013-09-05 10:56:03,139 [main] [DEBUG] [ge.framework.frame.core.document.ApplicationDocumentPane.openDocument(29)] - Opening document: Document 84
2013-09-05 10:56:03,141 [main] [DEBUG] [ge.framework.frame.core.document.ApplicationDocumentPane.openDocument(29)] - Opening document: Document 85
2013-09-05 10:56:03,142 [main] [DEBUG] [ge.framework.frame.core.document.ApplicationDocumentPane.openDocument(29)] - Opening document: Document 86
2013-09-05 10:56:03,143 [main] [DEBUG] [ge.framework.frame.core.document.ApplicationDocumentPane.openDocument(29)] - Opening document: Document 87
2013-09-05 10:56:03,145 [main] [DEBUG] [ge.framework.frame.core.document.ApplicationDocumentPane.openDocument(29)] - Opening document: Document 88
2013-09-05 10:56:11,380 [AWT-EventQueue-0] [DEBUG] [ge.framework.application.core.Application.processExit(333)] - Processing Exit
2013-09-05 10:56:11,380 [AWT-EventQueue-0] [DEBUG] [ge.framework.application.core.Application.processExit(357)] - Closing frames.
2013-09-05 10:56:11,381 [AWT-EventQueue-0] [INFO] [ge.framework.frame.core.ApplicationFrame.close(300)] - Firing close event.
2013-09-05 10:56:11,385 [AWT-EventQueue-0] [DEBUG] [ge.framework.frame.core.ApplicationFrame.closing(309)] - Closing window.
2013-09-05 10:56:11,434 [AWT-EventQueue-0] [DEBUG] [ge.framework.frame.core.ApplicationFrame.closed(362)] - Window closed.
2013-09-05 10:56:11,435 [AWT-EventQueue-0] [TRACE] [ge.framework.application.core.Application.saveApplicationConfiguration(283)] - Saving ApplicationConfiguration to: C:\Users\evison_g\.TestSingle\TestSingle.xml
2013-09-05 10:56:39,543 [main] [TRACE] [ge.framework.application.ApplicationFramework.start(44)] - entry params(application.xml, null, [Ljava.lang.String;@cbf30e)
2013-09-05 10:56:39,894 [main] [TRACE] [ge.utils.spring.BeanObject.<init>(24)] - Created bean object.
2013-09-05 10:56:40,024 [main] [INFO] [ge.framework.application.ApplicationFramework.start(71)] - Getting application bean: TestSingleApplication
2013-09-05 10:56:40,305 [main] [TRACE] [ge.framework.application.core.Application.loadApplicationConfiguration(228)] - Loading ApplicationConfiguration from: C:\Users\evison_g\.TestSingle\TestSingle.xml
2013-09-05 10:56:40,336 [main] [TRACE] [ge.framework.application.core.Application.loadApplicationConfiguration(247)] - Found config file: C:\Users\evison_g\.TestSingle\TestSingle.xml
2013-09-05 10:56:40,372 [main] [TRACE] [ge.framework.frame.core.ApplicationFrame.initialiseFrame(81)] - Initialising frame.
2013-09-05 10:56:40,373 [main] [TRACE] [ge.framework.frame.core.ApplicationFrame.initialiseFrame(96)] - Initialising dockable bar manager.
2013-09-05 10:56:40,392 [main] [TRACE] [ge.framework.frame.core.ApplicationFrame.initialiseFrame(100)] - Initialising docking manager.
2013-09-05 10:56:40,454 [main] [TRACE] [ge.framework.frame.core.manager.ApplicationDockingManager.<init>(41)] - Initialising workspace.
2013-09-05 10:56:40,454 [main] [TRACE] [ge.framework.frame.core.manager.ApplicationDockingManager.<init>(45)] - Initialising document pane.
2013-09-05 10:56:40,465 [main] [TRACE] [ge.framework.frame.core.ApplicationFrame.initialiseFrame(103)] - Initialising status bar.
2013-09-05 10:56:40,472 [main] [TRACE] [ge.framework.frame.core.ApplicationFrame.initialiseFrame(107)] - Initialising layout persistence manager.
2013-09-05 10:56:40,582 [main] [DEBUG] [ge.framework.frame.core.ApplicationFrame.addDockableBar(213)] - Adding dockable bar: menuBar
2013-09-05 10:56:40,587 [main] [DEBUG] [ge.framework.frame.core.ApplicationFrame.addDockableBar(213)] - Adding dockable bar: propertiesCommandBar
2013-09-05 10:56:40,591 [main] [DEBUG] [ge.framework.frame.core.ApplicationFrame.addDockableBar(213)] - Adding dockable bar: Command Bar 0
2013-09-05 10:56:40,594 [main] [DEBUG] [ge.framework.frame.core.ApplicationFrame.addDockableBar(213)] - Adding dockable bar: Command Bar 1
2013-09-05 10:56:40,597 [main] [DEBUG] [ge.framework.frame.core.ApplicationFrame.addDockableBar(213)] - Adding dockable bar: Command Bar 2
2013-09-05 10:56:40,600 [main] [DEBUG] [ge.framework.frame.core.ApplicationFrame.addDockableBar(213)] - Adding dockable bar: Command Bar 3
2013-09-05 10:56:40,602 [main] [DEBUG] [ge.framework.frame.core.ApplicationFrame.addDockableBar(213)] - Adding dockable bar: Command Bar 4
2013-09-05 10:56:40,606 [main] [DEBUG] [ge.framework.frame.core.ApplicationFrame.addDockableBar(213)] - Adding dockable bar: Command Bar 5
2013-09-05 10:56:40,609 [main] [DEBUG] [ge.framework.frame.core.ApplicationFrame.addDockableBar(213)] - Adding dockable bar: Command Bar 6
2013-09-05 10:56:40,611 [main] [DEBUG] [ge.framework.frame.core.ApplicationFrame.addDockableBar(213)] - Adding dockable bar: Command Bar 7
2013-09-05 10:56:40,614 [main] [DEBUG] [ge.framework.frame.core.ApplicationFrame.addDockableBar(213)] - Adding dockable bar: Command Bar 8
2013-09-05 10:56:40,616 [main] [DEBUG] [ge.framework.frame.core.ApplicationFrame.addDockableBar(213)] - Adding dockable bar: Command Bar 9
2013-09-05 10:56:40,619 [main] [DEBUG] [ge.framework.frame.core.ApplicationFrame.addDockableBar(213)] - Adding dockable bar: Command Bar 10
2013-09-05 10:56:40,622 [main] [DEBUG] [ge.framework.frame.core.ApplicationFrame.addDockableBar(213)] - Adding dockable bar: Command Bar 11
2013-09-05 10:56:40,625 [main] [DEBUG] [ge.framework.frame.core.ApplicationFrame.addDockableBar(213)] - Adding dockable bar: Command Bar 12
2013-09-05 10:56:40,627 [main] [DEBUG] [ge.framework.frame.core.ApplicationFrame.addDockableBar(213)] - Adding dockable bar: Command Bar 13
2013-09-05 10:56:40,629 [main] [DEBUG] [ge.framework.frame.core.ApplicationFrame.addDockableBar(213)] - Adding dockable bar: Command Bar 14
2013-09-05 10:56:40,632 [main] [DEBUG] [ge.framework.frame.core.ApplicationFrame.addDockableBar(213)] - Adding dockable bar: Command Bar 15
2013-09-05 10:56:40,634 [main] [DEBUG] [ge.framework.frame.core.ApplicationFrame.addDockableBar(213)] - Adding dockable bar: Command Bar 16
2013-09-05 10:56:40,636 [main] [DEBUG] [ge.framework.frame.core.ApplicationFrame.addDockableBar(213)] - Adding dockable bar: Command Bar 17
2013-09-05 10:56:40,639 [main] [DEBUG] [ge.framework.frame.core.ApplicationFrame.addDockableBar(213)] - Adding dockable bar: Command Bar 18
2013-09-05 10:56:40,642 [main] [DEBUG] [ge.framework.frame.core.ApplicationFrame.addDockableBar(213)] - Adding dockable bar: Command Bar 19
2013-09-05 10:56:40,646 [main] [DEBUG] [ge.framework.frame.core.ApplicationFrame.addDockableBar(213)] - Adding dockable bar: Command Bar 20
2013-09-05 10:56:40,648 [main] [DEBUG] [ge.framework.frame.core.ApplicationFrame.addDockableBar(213)] - Adding dockable bar: Command Bar 21
2013-09-05 10:56:40,650 [main] [DEBUG] [ge.framework.frame.core.ApplicationFrame.addDockableBar(213)] - Adding dockable bar: Command Bar 22
2013-09-05 10:56:40,656 [main] [DEBUG] [ge.framework.frame.core.ApplicationFrame.addDockableBar(213)] - Adding dockable bar: Command Bar 23
2013-09-05 10:56:40,658 [main] [DEBUG] [ge.framework.frame.core.ApplicationFrame.addDockableBar(213)] - Adding dockable bar: Command Bar 24
2013-09-05 10:56:40,660 [main] [DEBUG] [ge.framework.frame.core.ApplicationFrame.addDockableBar(213)] - Adding dockable bar: Command Bar 25
2013-09-05 10:56:40,662 [main] [DEBUG] [ge.framework.frame.core.ApplicationFrame.addDockableBar(213)] - Adding dockable bar: Command Bar 26
2013-09-05 10:56:40,664 [main] [DEBUG] [ge.framework.frame.core.ApplicationFrame.addDockableBar(213)] - Adding dockable bar: Command Bar 27
2013-09-05 10:56:40,667 [main] [DEBUG] [ge.framework.frame.core.ApplicationFrame.addDockableBar(213)] - Adding dockable bar: Command Bar 28
2013-09-05 10:56:40,669 [main] [DEBUG] [ge.framework.frame.core.ApplicationFrame.addDockableBar(213)] - Adding dockable bar: Command Bar 29
2013-09-05 10:56:40,671 [main] [DEBUG] [ge.framework.frame.core.ApplicationFrame.addDockableBar(213)] - Adding dockable bar: Command Bar 30
2013-09-05 10:56:40,673 [main] [DEBUG] [ge.framework.frame.core.ApplicationFrame.addDockableBar(213)] - Adding dockable bar: Command Bar 31
2013-09-05 10:56:40,691 [main] [DEBUG] [ge.framework.frame.core.manager.ApplicationDockingManager.addFrame(54)] - Adding dockable frame: Frame 32
2013-09-05 10:56:40,699 [main] [DEBUG] [ge.framework.frame.core.manager.ApplicationDockingManager.addFrame(54)] - Adding dockable frame: Frame 33
2013-09-05 10:56:40,702 [main] [DEBUG] [ge.framework.frame.core.manager.ApplicationDockingManager.addFrame(54)] - Adding dockable frame: Frame 34
2013-09-05 10:56:40,704 [main] [DEBUG] [ge.framework.frame.core.manager.ApplicationDockingManager.addFrame(54)] - Adding dockable frame: Frame 35
2013-09-05 10:56:40,707 [main] [DEBUG] [ge.framework.frame.core.manager.ApplicationDockingManager.addFrame(54)] - Adding dockable frame: Frame 36
2013-09-05 10:56:40,710 [main] [DEBUG] [ge.framework.frame.core.manager.ApplicationDockingManager.addFrame(54)] - Adding dockable frame: Frame 37
2013-09-05 10:56:40,712 [main] [DEBUG] [ge.framework.frame.core.manager.ApplicationDockingManager.addFrame(54)] - Adding dockable frame: Frame 38
2013-09-05 10:56:40,715 [main] [DEBUG] [ge.framework.frame.core.manager.ApplicationDockingManager.addFrame(54)] - Adding dockable frame: Frame 39
2013-09-05 10:56:40,718 [main] [DEBUG] [ge.framework.frame.core.manager.ApplicationDockingManager.addFrame(54)] - Adding dockable frame: Frame 40
2013-09-05 10:56:40,720 [main] [DEBUG] [ge.framework.frame.core.manager.ApplicationDockingManager.addFrame(54)] - Adding dockable frame: Frame 41
2013-09-05 10:56:40,723 [main] [DEBUG] [ge.framework.frame.core.manager.ApplicationDockingManager.addFrame(54)] - Adding dockable frame: Frame 42
2013-09-05 10:56:40,725 [main] [DEBUG] [ge.framework.frame.core.manager.ApplicationDockingManager.addFrame(54)] - Adding dockable frame: Frame 43
2013-09-05 10:56:40,728 [main] [DEBUG] [ge.framework.frame.core.manager.ApplicationDockingManager.addFrame(54)] - Adding dockable frame: Frame 44
2013-09-05 10:56:40,730 [main] [DEBUG] [ge.framework.frame.core.manager.ApplicationDockingManager.addFrame(54)] - Adding dockable frame: Frame 45
2013-09-05 10:56:40,732 [main] [DEBUG] [ge.framework.frame.core.manager.ApplicationDockingManager.addFrame(54)] - Adding dockable frame: Frame 46
2013-09-05 10:56:40,734 [main] [DEBUG] [ge.framework.frame.core.manager.ApplicationDockingManager.addFrame(54)] - Adding dockable frame: Frame 47
2013-09-05 10:56:40,737 [main] [DEBUG] [ge.framework.frame.core.manager.ApplicationDockingManager.addFrame(54)] - Adding dockable frame: Frame 48
2013-09-05 10:56:40,739 [main] [DEBUG] [ge.framework.frame.core.manager.ApplicationDockingManager.addFrame(54)] - Adding dockable frame: Frame 49
2013-09-05 10:56:40,741 [main] [DEBUG] [ge.framework.frame.core.manager.ApplicationDockingManager.addFrame(54)] - Adding dockable frame: Frame 50
2013-09-05 10:56:40,744 [main] [DEBUG] [ge.framework.frame.core.manager.ApplicationDockingManager.addFrame(54)] - Adding dockable frame: Frame 51
2013-09-05 10:56:40,746 [main] [DEBUG] [ge.framework.frame.core.manager.ApplicationDockingManager.addFrame(54)] - Adding dockable frame: Frame 52
2013-09-05 10:56:40,748 [main] [DEBUG] [ge.framework.frame.core.manager.ApplicationDockingManager.addFrame(54)] - Adding dockable frame: Frame 53
2013-09-05 10:56:40,750 [main] [DEBUG] [ge.framework.frame.core.manager.ApplicationDockingManager.addFrame(54)] - Adding dockable frame: Frame 54
2013-09-05 10:56:40,757 [main] [DEBUG] [ge.framework.frame.core.manager.ApplicationDockingManager.addFrame(54)] - Adding dockable frame: Frame 55
2013-09-05 10:56:40,760 [main] [DEBUG] [ge.framework.frame.core.manager.ApplicationDockingManager.addFrame(54)] - Adding dockable frame: Frame 56
2013-09-05 10:56:40,761 [main] [DEBUG] [ge.framework.frame.core.document.ApplicationDocumentPane.openDocument(29)] - Opening document: Document 57
2013-09-05 10:56:40,809 [main] [DEBUG] [ge.framework.frame.core.document.ApplicationDocumentPane.openDocument(29)] - Opening document: Document 58
2013-09-05 10:56:40,810 [main] [DEBUG] [ge.framework.frame.core.document.ApplicationDocumentPane.openDocument(29)] - Opening document: Document 59
2013-09-05 10:56:40,810 [main] [DEBUG] [ge.framework.frame.core.document.ApplicationDocumentPane.openDocument(29)] - Opening document: Document 60
2013-09-05 10:56:40,811 [main] [DEBUG] [ge.framework.frame.core.document.ApplicationDocumentPane.openDocument(29)] - Opening document: Document 61
2013-09-05 10:56:40,812 [main] [DEBUG] [ge.framework.frame.core.document.ApplicationDocumentPane.openDocument(29)] - Opening document: Document 62
2013-09-05 10:56:40,813 [main] [DEBUG] [ge.framework.frame.core.document.ApplicationDocumentPane.openDocument(29)] - Opening document: Document 63
2013-09-05 10:56:40,814 [main] [DEBUG] [ge.framework.frame.core.document.ApplicationDocumentPane.openDocument(29)] - Opening document: Document 64
2013-09-05 10:56:40,816 [main] [DEBUG] [ge.framework.frame.core.document.ApplicationDocumentPane.openDocument(29)] - Opening document: Document 65
2013-09-05 10:56:40,817 [main] [DEBUG] [ge.framework.frame.core.document.ApplicationDocumentPane.openDocument(29)] - Opening document: Document 66
2013-09-05 10:56:40,819 [main] [DEBUG] [ge.framework.frame.core.document.ApplicationDocumentPane.openDocument(29)] - Opening document: Document 67
2013-09-05 10:56:40,820 [main] [DEBUG] [ge.framework.frame.core.document.ApplicationDocumentPane.openDocument(29)] - Opening document: Document 68
2013-09-05 10:56:40,822 [main] [DEBUG] [ge.framework.frame.core.document.ApplicationDocumentPane.openDocument(29)] - Opening document: Document 69
2013-09-05 10:56:40,823 [main] [DEBUG] [ge.framework.frame.core.document.ApplicationDocumentPane.openDocument(29)] - Opening document: Document 70
2013-09-05 10:56:40,824 [main] [DEBUG] [ge.framework.frame.core.document.ApplicationDocumentPane.openDocument(29)] - Opening document: Document 71
2013-09-05 10:56:40,825 [main] [DEBUG] [ge.framework.frame.core.document.ApplicationDocumentPane.openDocument(29)] - Opening document: Document 72
2013-09-05 10:56:40,826 [main] [DEBUG] [ge.framework.frame.core.document.ApplicationDocumentPane.openDocument(29)] - Opening document: Document 73
2013-09-05 10:56:40,828 [main] [DEBUG] [ge.framework.frame.core.document.ApplicationDocumentPane.openDocument(29)] - Opening document: Document 74
2013-09-05 10:56:40,828 [main] [DEBUG] [ge.framework.frame.core.document.ApplicationDocumentPane.openDocument(29)] - Opening document: Document 75
2013-09-05 10:56:40,829 [main] [DEBUG] [ge.framework.frame.core.document.ApplicationDocumentPane.openDocument(29)] - Opening document: Document 76
2013-09-05 10:56:40,830 [main] [DEBUG] [ge.framework.frame.core.document.ApplicationDocumentPane.openDocument(29)] - Opening document: Document 77
2013-09-05 10:56:40,831 [main] [DEBUG] [ge.framework.frame.core.document.ApplicationDocumentPane.openDocument(29)] - Opening document: Document 78
2013-09-05 10:56:40,832 [main] [DEBUG] [ge.framework.frame.core.document.ApplicationDocumentPane.openDocument(29)] - Opening document: Document 79
2013-09-05 10:56:40,833 [main] [DEBUG] [ge.framework.frame.core.document.ApplicationDocumentPane.openDocument(29)] - Opening document: Document 80
2013-09-05 10:56:40,834 [main] [DEBUG] [ge.framework.frame.core.document.ApplicationDocumentPane.openDocument(29)] - Opening document: Document 81
2013-09-05 10:56:40,835 [main] [DEBUG] [ge.framework.frame.core.document.ApplicationDocumentPane.openDocument(29)] - Opening document: Document 82
2013-09-05 10:56:40,836 [main] [DEBUG] [ge.framework.frame.core.document.ApplicationDocumentPane.openDocument(29)] - Opening document: Document 83
2013-09-05 10:56:40,838 [main] [DEBUG] [ge.framework.frame.core.document.ApplicationDocumentPane.openDocument(29)] - Opening document: Document 84
2013-09-05 10:56:40,839 [main] [DEBUG] [ge.framework.frame.core.document.ApplicationDocumentPane.openDocument(29)] - Opening document: Document 85
2013-09-05 10:56:40,841 [main] [DEBUG] [ge.framework.frame.core.document.ApplicationDocumentPane.openDocument(29)] - Opening document: Document 86
2013-09-05 10:56:40,842 [main] [DEBUG] [ge.framework.frame.core.document.ApplicationDocumentPane.openDocument(29)] - Opening document: Document 87
2013-09-05 10:56:40,843 [main] [DEBUG] [ge.framework.frame.core.document.ApplicationDocumentPane.openDocument(29)] - Opening document: Document 88
2013-09-05 10:56:55,085 [AWT-EventQueue-0] [DEBUG] [ge.framework.application.core.Application.processExit(333)] - Processing Exit
2013-09-05 10:56:55,085 [AWT-EventQueue-0] [DEBUG] [ge.framework.application.core.Application.processExit(357)] - Closing frames.
2013-09-05 10:56:55,086 [AWT-EventQueue-0] [INFO] [ge.framework.frame.core.ApplicationFrame.close(300)] - Firing close event.
2013-09-05 10:56:55,092 [AWT-EventQueue-0] [DEBUG] [ge.framework.frame.core.ApplicationFrame.closing(309)] - Closing window.
2013-09-05 10:56:55,146 [AWT-EventQueue-0] [DEBUG] [ge.framework.frame.core.ApplicationFrame.closed(362)] - Window closed.
2013-09-05 10:56:55,147 [AWT-EventQueue-0] [TRACE] [ge.framework.application.core.Application.saveApplicationConfiguration(283)] - Saving ApplicationConfiguration to: C:\Users\evison_g\.TestSingle\TestSingle.xml
2013-09-05 11:00:16,729 [main] [TRACE] [ge.framework.application.ApplicationFramework.start(44)] - entry params(application.xml, null, [Ljava.lang.String;@19855ed)
2013-09-05 11:00:17,223 [main] [TRACE] [ge.utils.spring.BeanObject.<init>(24)] - Created bean object.
2013-09-05 11:00:17,421 [main] [INFO] [ge.framework.application.ApplicationFramework.start(71)] - Getting application bean: TestSingleApplication
2013-09-05 11:00:17,827 [main] [TRACE] [ge.framework.application.core.Application.loadApplicationConfiguration(228)] - Loading ApplicationConfiguration from: C:\Users\evison_g\.TestSingle\TestSingle.xml
2013-09-05 11:00:17,911 [main] [TRACE] [ge.framework.application.core.Application.loadApplicationConfiguration(247)] - Found config file: C:\Users\evison_g\.TestSingle\TestSingle.xml
2013-09-05 11:00:17,966 [main] [TRACE] [ge.framework.frame.core.ApplicationFrame.initialiseFrame(81)] - Initialising frame.
2013-09-05 11:00:17,968 [main] [TRACE] [ge.framework.frame.core.ApplicationFrame.initialiseFrame(96)] - Initialising dockable bar manager.
2013-09-05 11:00:18,010 [main] [TRACE] [ge.framework.frame.core.ApplicationFrame.initialiseFrame(100)] - Initialising docking manager.
2013-09-05 11:00:18,112 [main] [TRACE] [ge.framework.frame.core.manager.ApplicationDockingManager.<init>(41)] - Initialising workspace.
2013-09-05 11:00:18,112 [main] [TRACE] [ge.framework.frame.core.manager.ApplicationDockingManager.<init>(45)] - Initialising document pane.
2013-09-05 11:00:18,126 [main] [TRACE] [ge.framework.frame.core.ApplicationFrame.initialiseFrame(103)] - Initialising status bar.
2013-09-05 11:00:18,135 [main] [TRACE] [ge.framework.frame.core.ApplicationFrame.initialiseFrame(107)] - Initialising layout persistence manager.
2013-09-05 11:03:35,939 [main] [TRACE] [ge.framework.application.ApplicationFramework.start(44)] - entry params(application.xml, null, [Ljava.lang.String;@19855ed)
2013-09-05 11:03:36,435 [main] [TRACE] [ge.utils.spring.BeanObject.<init>(24)] - Created bean object.
2013-09-05 11:03:36,645 [main] [INFO] [ge.framework.application.ApplicationFramework.start(71)] - Getting application bean: TestSingleApplication
2013-09-05 11:03:36,994 [main] [TRACE] [ge.framework.application.core.Application.loadApplicationConfiguration(228)] - Loading ApplicationConfiguration from: C:\Users\evison_g\.TestSingle\TestSingle.xml
2013-09-05 11:03:37,079 [main] [TRACE] [ge.framework.application.core.Application.loadApplicationConfiguration(247)] - Found config file: C:\Users\evison_g\.TestSingle\TestSingle.xml
2013-09-05 11:03:37,123 [main] [TRACE] [ge.framework.frame.core.ApplicationFrame.initialiseFrame(81)] - Initialising frame.
2013-09-05 11:03:37,125 [main] [TRACE] [ge.framework.frame.core.ApplicationFrame.initialiseFrame(96)] - Initialising dockable bar manager.
2013-09-05 11:03:37,148 [main] [TRACE] [ge.framework.frame.core.ApplicationFrame.initialiseFrame(100)] - Initialising docking manager.
2013-09-05 11:03:37,233 [main] [TRACE] [ge.framework.frame.core.manager.ApplicationDockingManager.<init>(41)] - Initialising workspace.
2013-09-05 11:03:37,234 [main] [TRACE] [ge.framework.frame.core.manager.ApplicationDockingManager.<init>(45)] - Initialising document pane.
2013-09-05 11:03:37,247 [main] [TRACE] [ge.framework.frame.core.ApplicationFrame.initialiseFrame(103)] - Initialising status bar.
2013-09-05 11:03:37,254 [main] [TRACE] [ge.framework.frame.core.ApplicationFrame.initialiseFrame(107)] - Initialising layout persistence manager.
2013-09-05 11:05:46,784 [main] [TRACE] [ge.framework.application.ApplicationFramework.start(44)] - entry params(application.xml, null, [Ljava.lang.String;@cbf30e)
2013-09-05 11:05:47,163 [main] [TRACE] [ge.utils.spring.BeanObject.<init>(24)] - Created bean object.
2013-09-05 11:05:47,288 [main] [INFO] [ge.framework.application.ApplicationFramework.start(71)] - Getting application bean: TestSingleApplication
2013-09-05 11:05:47,563 [main] [TRACE] [ge.framework.application.core.Application.loadApplicationConfiguration(228)] - Loading ApplicationConfiguration from: C:\Users\evison_g\.TestSingle\TestSingle.xml
2013-09-05 11:05:47,594 [main] [TRACE] [ge.framework.application.core.Application.loadApplicationConfiguration(247)] - Found config file: C:\Users\evison_g\.TestSingle\TestSingle.xml
2013-09-05 11:05:47,629 [main] [TRACE] [ge.framework.frame.core.ApplicationFrame.initialiseFrame(81)] - Initialising frame.
2013-09-05 11:05:47,630 [main] [TRACE] [ge.framework.frame.core.ApplicationFrame.initialiseFrame(96)] - Initialising dockable bar manager.
2013-09-05 11:05:47,647 [main] [TRACE] [ge.framework.frame.core.ApplicationFrame.initialiseFrame(100)] - Initialising docking manager.
2013-09-05 11:05:47,708 [main] [TRACE] [ge.framework.frame.core.manager.ApplicationDockingManager.<init>(41)] - Initialising workspace.
2013-09-05 11:05:47,708 [main] [TRACE] [ge.framework.frame.core.manager.ApplicationDockingManager.<init>(45)] - Initialising document pane.
2013-09-05 11:05:47,718 [main] [TRACE] [ge.framework.frame.core.ApplicationFrame.initialiseFrame(103)] - Initialising status bar.
2013-09-05 11:05:47,724 [main] [TRACE] [ge.framework.frame.core.ApplicationFrame.initialiseFrame(107)] - Initialising layout persistence manager.
2013-09-05 11:05:47,800 [main] [DEBUG] [ge.framework.frame.core.ApplicationFrame.addDockableBar(213)] - Adding dockable bar: menuBar
2013-09-05 11:05:47,806 [main] [DEBUG] [ge.framework.frame.core.ApplicationFrame.addDockableBar(213)] - Adding dockable bar: propertiesCommandBar
2013-09-05 11:05:47,809 [main] [DEBUG] [ge.framework.frame.core.ApplicationFrame.addDockableBar(213)] - Adding dockable bar: Command Bar 0
2013-09-05 11:05:47,813 [main] [DEBUG] [ge.framework.frame.core.ApplicationFrame.addDockableBar(213)] - Adding dockable bar: Command Bar 1
2013-09-05 11:05:47,817 [main] [DEBUG] [ge.framework.frame.core.ApplicationFrame.addDockableBar(213)] - Adding dockable bar: Command Bar 2
2013-09-05 11:05:47,820 [main] [DEBUG] [ge.framework.frame.core.ApplicationFrame.addDockableBar(213)] - Adding dockable bar: Command Bar 3
2013-09-05 11:05:47,823 [main] [DEBUG] [ge.framework.frame.core.ApplicationFrame.addDockableBar(213)] - Adding dockable bar: Command Bar 4
2013-09-05 11:05:47,826 [main] [DEBUG] [ge.framework.frame.core.ApplicationFrame.addDockableBar(213)] - Adding dockable bar: Command Bar 5
2013-09-05 11:05:47,830 [main] [DEBUG] [ge.framework.frame.core.ApplicationFrame.addDockableBar(213)] - Adding dockable bar: Command Bar 6
2013-09-05 11:05:47,834 [main] [DEBUG] [ge.framework.frame.core.ApplicationFrame.addDockableBar(213)] - Adding dockable bar: Command Bar 7
2013-09-05 11:05:47,836 [main] [DEBUG] [ge.framework.frame.core.ApplicationFrame.addDockableBar(213)] - Adding dockable bar: Command Bar 8
2013-09-05 11:05:47,839 [main] [DEBUG] [ge.framework.frame.core.ApplicationFrame.addDockableBar(213)] - Adding dockable bar: Command Bar 9
2013-09-05 11:05:47,842 [main] [DEBUG] [ge.framework.frame.core.ApplicationFrame.addDockableBar(213)] - Adding dockable bar: Command Bar 10
2013-09-05 11:05:47,845 [main] [DEBUG] [ge.framework.frame.core.ApplicationFrame.addDockableBar(213)] - Adding dockable bar: Command Bar 11
2013-09-05 11:05:47,847 [main] [DEBUG] [ge.framework.frame.core.ApplicationFrame.addDockableBar(213)] - Adding dockable bar: Command Bar 12
2013-09-05 11:05:47,850 [main] [DEBUG] [ge.framework.frame.core.ApplicationFrame.addDockableBar(213)] - Adding dockable bar: Command Bar 13
2013-09-05 11:05:47,852 [main] [DEBUG] [ge.framework.frame.core.ApplicationFrame.addDockableBar(213)] - Adding dockable bar: Command Bar 14
2013-09-05 11:05:47,855 [main] [DEBUG] [ge.framework.frame.core.ApplicationFrame.addDockableBar(213)] - Adding dockable bar: Command Bar 15
2013-09-05 11:05:47,858 [main] [DEBUG] [ge.framework.frame.core.ApplicationFrame.addDockableBar(213)] - Adding dockable bar: Command Bar 16
2013-09-05 11:05:47,861 [main] [DEBUG] [ge.framework.frame.core.ApplicationFrame.addDockableBar(213)] - Adding dockable bar: Command Bar 17
2013-09-05 11:05:47,863 [main] [DEBUG] [ge.framework.frame.core.ApplicationFrame.addDockableBar(213)] - Adding dockable bar: Command Bar 18
2013-09-05 11:05:47,866 [main] [DEBUG] [ge.framework.frame.core.ApplicationFrame.addDockableBar(213)] - Adding dockable bar: Command Bar 19
2013-09-05 11:05:47,868 [main] [DEBUG] [ge.framework.frame.core.ApplicationFrame.addDockableBar(213)] - Adding dockable bar: Command Bar 20
2013-09-05 11:05:47,871 [main] [DEBUG] [ge.framework.frame.core.ApplicationFrame.addDockableBar(213)] - Adding dockable bar: Command Bar 21
2013-09-05 11:05:47,873 [main] [DEBUG] [ge.framework.frame.core.ApplicationFrame.addDockableBar(213)] - Adding dockable bar: Command Bar 22
2013-09-05 11:05:47,879 [main] [DEBUG] [ge.framework.frame.core.ApplicationFrame.addDockableBar(213)] - Adding dockable bar: Command Bar 23
2013-09-05 11:05:47,881 [main] [DEBUG] [ge.framework.frame.core.ApplicationFrame.addDockableBar(213)] - Adding dockable bar: Command Bar 24
2013-09-05 11:05:47,883 [main] [DEBUG] [ge.framework.frame.core.ApplicationFrame.addDockableBar(213)] - Adding dockable bar: Command Bar 25
2013-09-05 11:05:47,886 [main] [DEBUG] [ge.framework.frame.core.ApplicationFrame.addDockableBar(213)] - Adding dockable bar: Command Bar 26
2013-09-05 11:05:47,888 [main] [DEBUG] [ge.framework.frame.core.ApplicationFrame.addDockableBar(213)] - Adding dockable bar: Command Bar 27
2013-09-05 11:05:47,890 [main] [DEBUG] [ge.framework.frame.core.ApplicationFrame.addDockableBar(213)] - Adding dockable bar: Command Bar 28
2013-09-05 11:05:47,892 [main] [DEBUG] [ge.framework.frame.core.ApplicationFrame.addDockableBar(213)] - Adding dockable bar: Command Bar 29
2013-09-05 11:05:47,894 [main] [DEBUG] [ge.framework.frame.core.ApplicationFrame.addDockableBar(213)] - Adding dockable bar: Command Bar 30
2013-09-05 11:05:47,897 [main] [DEBUG] [ge.framework.frame.core.ApplicationFrame.addDockableBar(213)] - Adding dockable bar: Command Bar 31
2013-09-05 11:05:47,914 [main] [DEBUG] [ge.framework.frame.core.manager.ApplicationDockingManager.addFrame(54)] - Adding dockable frame: Frame 32
2013-09-05 11:05:47,923 [main] [DEBUG] [ge.framework.frame.core.manager.ApplicationDockingManager.addFrame(54)] - Adding dockable frame: Frame 33
2013-09-05 11:05:47,926 [main] [DEBUG] [ge.framework.frame.core.manager.ApplicationDockingManager.addFrame(54)] - Adding dockable frame: Frame 34
2013-09-05 11:05:47,928 [main] [DEBUG] [ge.framework.frame.core.manager.ApplicationDockingManager.addFrame(54)] - Adding dockable frame: Frame 35
2013-09-05 11:05:47,931 [main] [DEBUG] [ge.framework.frame.core.manager.ApplicationDockingManager.addFrame(54)] - Adding dockable frame: Frame 36
2013-09-05 11:05:47,934 [main] [DEBUG] [ge.framework.frame.core.manager.ApplicationDockingManager.addFrame(54)] - Adding dockable frame: Frame 37
2013-09-05 11:05:47,937 [main] [DEBUG] [ge.framework.frame.core.manager.ApplicationDockingManager.addFrame(54)] - Adding dockable frame: Frame 38
2013-09-05 11:05:47,939 [main] [DEBUG] [ge.framework.frame.core.manager.ApplicationDockingManager.addFrame(54)] - Adding dockable frame: Frame 39
2013-09-05 11:05:47,942 [main] [DEBUG] [ge.framework.frame.core.manager.ApplicationDockingManager.addFrame(54)] - Adding dockable frame: Frame 40
2013-09-05 11:05:47,944 [main] [DEBUG] [ge.framework.frame.core.manager.ApplicationDockingManager.addFrame(54)] - Adding dockable frame: Frame 41
2013-09-05 11:05:47,947 [main] [DEBUG] [ge.framework.frame.core.manager.ApplicationDockingManager.addFrame(54)] - Adding dockable frame: Frame 42
2013-09-05 11:05:47,949 [main] [DEBUG] [ge.framework.frame.core.manager.ApplicationDockingManager.addFrame(54)] - Adding dockable frame: Frame 43
2013-09-05 11:05:47,951 [main] [DEBUG] [ge.framework.frame.core.manager.ApplicationDockingManager.addFrame(54)] - Adding dockable frame: Frame 44
2013-09-05 11:05:47,954 [main] [DEBUG] [ge.framework.frame.core.manager.ApplicationDockingManager.addFrame(54)] - Adding dockable frame: Frame 45
2013-09-05 11:05:47,957 [main] [DEBUG] [ge.framework.frame.core.manager.ApplicationDockingManager.addFrame(54)] - Adding dockable frame: Frame 46
2013-09-05 11:05:47,959 [main] [DEBUG] [ge.framework.frame.core.manager.ApplicationDockingManager.addFrame(54)] - Adding dockable frame: Frame 47
2013-09-05 11:05:47,961 [main] [DEBUG] [ge.framework.frame.core.manager.ApplicationDockingManager.addFrame(54)] - Adding dockable frame: Frame 48
2013-09-05 11:05:47,963 [main] [DEBUG] [ge.framework.frame.core.manager.ApplicationDockingManager.addFrame(54)] - Adding dockable frame: Frame 49
2013-09-05 11:05:47,966 [main] [DEBUG] [ge.framework.frame.core.manager.ApplicationDockingManager.addFrame(54)] - Adding dockable frame: Frame 50
2013-09-05 11:05:47,968 [main] [DEBUG] [ge.framework.frame.core.manager.ApplicationDockingManager.addFrame(54)] - Adding dockable frame: Frame 51
2013-09-05 11:05:47,970 [main] [DEBUG] [ge.framework.frame.core.manager.ApplicationDockingManager.addFrame(54)] - Adding dockable frame: Frame 52
2013-09-05 11:05:47,972 [main] [DEBUG] [ge.framework.frame.core.manager.ApplicationDockingManager.addFrame(54)] - Adding dockable frame: Frame 53
2013-09-05 11:05:47,975 [main] [DEBUG] [ge.framework.frame.core.manager.ApplicationDockingManager.addFrame(54)] - Adding dockable frame: Frame 54
2013-09-05 11:05:47,977 [main] [DEBUG] [ge.framework.frame.core.manager.ApplicationDockingManager.addFrame(54)] - Adding dockable frame: Frame 55
2013-09-05 11:05:47,984 [main] [DEBUG] [ge.framework.frame.core.manager.ApplicationDockingManager.addFrame(54)] - Adding dockable frame: Frame 56
2013-09-05 11:05:47,985 [main] [DEBUG] [ge.framework.frame.core.document.ApplicationDocumentPane.openDocument(29)] - Opening document: Document 57
2013-09-05 11:05:48,039 [main] [DEBUG] [ge.framework.frame.core.document.ApplicationDocumentPane.openDocument(29)] - Opening document: Document 58
2013-09-05 11:05:48,040 [main] [DEBUG] [ge.framework.frame.core.document.ApplicationDocumentPane.openDocument(29)] - Opening document: Document 59
2013-09-05 11:05:48,041 [main] [DEBUG] [ge.framework.frame.core.document.ApplicationDocumentPane.openDocument(29)] - Opening document: Document 60
2013-09-05 11:05:48,043 [main] [DEBUG] [ge.framework.frame.core.document.ApplicationDocumentPane.openDocument(29)] - Opening document: Document 61
2013-09-05 11:05:48,044 [main] [DEBUG] [ge.framework.frame.core.document.ApplicationDocumentPane.openDocument(29)] - Opening document: Document 62
2013-09-05 11:05:48,046 [main] [DEBUG] [ge.framework.frame.core.document.ApplicationDocumentPane.openDocument(29)] - Opening document: Document 63
2013-09-05 11:05:48,047 [main] [DEBUG] [ge.framework.frame.core.document.ApplicationDocumentPane.openDocument(29)] - Opening document: Document 64
2013-09-05 11:05:48,048 [main] [DEBUG] [ge.framework.frame.core.document.ApplicationDocumentPane.openDocument(29)] - Opening document: Document 65
2013-09-05 11:05:48,049 [main] [DEBUG] [ge.framework.frame.core.document.ApplicationDocumentPane.openDocument(29)] - Opening document: Document 66
2013-09-05 11:05:48,051 [main] [DEBUG] [ge.framework.frame.core.document.ApplicationDocumentPane.openDocument(29)] - Opening document: Document 67
2013-09-05 11:05:48,054 [main] [DEBUG] [ge.framework.frame.core.document.ApplicationDocumentPane.openDocument(29)] - Opening document: Document 68
2013-09-05 11:05:48,057 [main] [DEBUG] [ge.framework.frame.core.document.ApplicationDocumentPane.openDocument(29)] - Opening document: Document 69
2013-09-05 11:05:48,058 [main] [DEBUG] [ge.framework.frame.core.document.ApplicationDocumentPane.openDocument(29)] - Opening document: Document 70
2013-09-05 11:05:48,059 [main] [DEBUG] [ge.framework.frame.core.document.ApplicationDocumentPane.openDocument(29)] - Opening document: Document 71
2013-09-05 11:05:48,060 [main] [DEBUG] [ge.framework.frame.core.document.ApplicationDocumentPane.openDocument(29)] - Opening document: Document 72
2013-09-05 11:05:48,060 [main] [DEBUG] [ge.framework.frame.core.document.ApplicationDocumentPane.openDocument(29)] - Opening document: Document 73
2013-09-05 11:05:48,061 [main] [DEBUG] [ge.framework.frame.core.document.ApplicationDocumentPane.openDocument(29)] - Opening document: Document 74
2013-09-05 11:05:48,062 [main] [DEBUG] [ge.framework.frame.core.document.ApplicationDocumentPane.openDocument(29)] - Opening document: Document 75
2013-09-05 11:05:48,063 [main] [DEBUG] [ge.framework.frame.core.document.ApplicationDocumentPane.openDocument(29)] - Opening document: Document 76
2013-09-05 11:05:48,064 [main] [DEBUG] [ge.framework.frame.core.document.ApplicationDocumentPane.openDocument(29)] - Opening document: Document 77
2013-09-05 11:05:48,065 [main] [DEBUG] [ge.framework.frame.core.document.ApplicationDocumentPane.openDocument(29)] - Opening document: Document 78
2013-09-05 11:05:48,066 [main] [DEBUG] [ge.framework.frame.core.document.ApplicationDocumentPane.openDocument(29)] - Opening document: Document 79
2013-09-05 11:05:48,067 [main] [DEBUG] [ge.framework.frame.core.document.ApplicationDocumentPane.openDocument(29)] - Opening document: Document 80
2013-09-05 11:05:48,068 [main] [DEBUG] [ge.framework.frame.core.document.ApplicationDocumentPane.openDocument(29)] - Opening document: Document 81
2013-09-05 11:05:48,069 [main] [DEBUG] [ge.framework.frame.core.document.ApplicationDocumentPane.openDocument(29)] - Opening document: Document 82
2013-09-05 11:05:48,070 [main] [DEBUG] [ge.framework.frame.core.document.ApplicationDocumentPane.openDocument(29)] - Opening document: Document 83
2013-09-05 11:05:48,071 [main] [DEBUG] [ge.framework.frame.core.document.ApplicationDocumentPane.openDocument(29)] - Opening document: Document 84
2013-09-05 11:05:48,072 [main] [DEBUG] [ge.framework.frame.core.document.ApplicationDocumentPane.openDocument(29)] - Opening document: Document 85
2013-09-05 11:05:48,074 [main] [DEBUG] [ge.framework.frame.core.document.ApplicationDocumentPane.openDocument(29)] - Opening document: Document 86
2013-09-05 11:05:48,075 [main] [DEBUG] [ge.framework.frame.core.document.ApplicationDocumentPane.openDocument(29)] - Opening document: Document 87
2013-09-05 11:05:48,077 [main] [DEBUG] [ge.framework.frame.core.document.ApplicationDocumentPane.openDocument(29)] - Opening document: Document 88
2013-09-05 11:05:58,468 [AWT-EventQueue-0] [DEBUG] [ge.framework.application.core.Application.processExit(333)] - Processing Exit
2013-09-05 11:05:58,468 [AWT-EventQueue-0] [DEBUG] [ge.framework.application.core.Application.processExit(357)] - Closing frames.
2013-09-05 11:05:58,469 [AWT-EventQueue-0] [INFO] [ge.framework.frame.core.ApplicationFrame.close(300)] - Firing close event.
2013-09-05 11:05:58,475 [AWT-EventQueue-0] [DEBUG] [ge.framework.frame.core.ApplicationFrame.closing(309)] - Closing window.
2013-09-05 11:05:58,540 [AWT-EventQueue-0] [DEBUG] [ge.framework.frame.core.ApplicationFrame.closed(362)] - Window closed.
2013-09-05 11:05:58,541 [AWT-EventQueue-0] [TRACE] [ge.framework.application.core.Application.saveApplicationConfiguration(283)] - Saving ApplicationConfiguration to: C:\Users\evison_g\.TestSingle\TestSingle.xml
2013-09-05 11:06:54,145 [main] [TRACE] [ge.framework.application.ApplicationFramework.start(44)] - entry params(application.xml, null, [Ljava.lang.String;@d02b51)
2013-09-05 11:06:54,497 [main] [TRACE] [ge.utils.spring.BeanObject.<init>(24)] - Created bean object.
2013-09-05 11:06:54,626 [main] [INFO] [ge.framework.application.ApplicationFramework.start(71)] - Getting application bean: TestSingleApplication
2013-09-05 11:06:54,956 [main] [TRACE] [ge.framework.application.core.Application.loadApplicationConfiguration(228)] - Loading ApplicationConfiguration from: C:\Users\evison_g\.TestSingle\TestSingle.xml
2013-09-05 11:06:54,990 [main] [TRACE] [ge.framework.application.core.Application.loadApplicationConfiguration(247)] - Found config file: C:\Users\evison_g\.TestSingle\TestSingle.xml
2013-09-05 11:06:55,023 [main] [TRACE] [ge.framework.frame.core.ApplicationFrame.initialiseFrame(81)] - Initialising frame.
2013-09-05 11:06:55,024 [main] [TRACE] [ge.framework.frame.core.ApplicationFrame.initialiseFrame(96)] - Initialising dockable bar manager.
2013-09-05 11:06:55,041 [main] [TRACE] [ge.framework.frame.core.ApplicationFrame.initialiseFrame(100)] - Initialising docking manager.
2013-09-05 11:06:55,103 [main] [TRACE] [ge.framework.frame.core.manager.ApplicationDockingManager.<init>(41)] - Initialising workspace.
2013-09-05 11:06:55,104 [main] [TRACE] [ge.framework.frame.core.manager.ApplicationDockingManager.<init>(45)] - Initialising document pane.
2013-09-05 11:06:55,115 [main] [TRACE] [ge.framework.frame.core.ApplicationFrame.initialiseFrame(103)] - Initialising status bar.
2013-09-05 11:06:55,120 [main] [TRACE] [ge.framework.frame.core.ApplicationFrame.initialiseFrame(107)] - Initialising layout persistence manager.
2013-09-05 11:06:55,198 [main] [DEBUG] [ge.framework.frame.core.ApplicationFrame.addDockableBar(213)] - Adding dockable bar: menuBar
2013-09-05 11:06:55,203 [main] [DEBUG] [ge.framework.frame.core.ApplicationFrame.addDockableBar(213)] - Adding dockable bar: propertiesCommandBar
2013-09-05 11:06:55,207 [main] [DEBUG] [ge.framework.frame.core.ApplicationFrame.addDockableBar(213)] - Adding dockable bar: Command Bar 0
2013-09-05 11:06:55,211 [main] [DEBUG] [ge.framework.frame.core.ApplicationFrame.addDockableBar(213)] - Adding dockable bar: Command Bar 1
2013-09-05 11:06:55,215 [main] [DEBUG] [ge.framework.frame.core.ApplicationFrame.addDockableBar(213)] - Adding dockable bar: Command Bar 2
2013-09-05 11:06:55,218 [main] [DEBUG] [ge.framework.frame.core.ApplicationFrame.addDockableBar(213)] - Adding dockable bar: Command Bar 3
2013-09-05 11:06:55,221 [main] [DEBUG] [ge.framework.frame.core.ApplicationFrame.addDockableBar(213)] - Adding dockable bar: Command Bar 4
2013-09-05 11:06:55,225 [main] [DEBUG] [ge.framework.frame.core.ApplicationFrame.addDockableBar(213)] - Adding dockable bar: Command Bar 5
2013-09-05 11:06:55,228 [main] [DEBUG] [ge.framework.frame.core.ApplicationFrame.addDockableBar(213)] - Adding dockable bar: Command Bar 6
2013-09-05 11:06:55,230 [main] [DEBUG] [ge.framework.frame.core.ApplicationFrame.addDockableBar(213)] - Adding dockable bar: Command Bar 7
2013-09-05 11:06:55,233 [main] [DEBUG] [ge.framework.frame.core.ApplicationFrame.addDockableBar(213)] - Adding dockable bar: Command Bar 8
2013-09-05 11:06:55,236 [main] [DEBUG] [ge.framework.frame.core.ApplicationFrame.addDockableBar(213)] - Adding dockable bar: Command Bar 9
2013-09-05 11:06:55,238 [main] [DEBUG] [ge.framework.frame.core.ApplicationFrame.addDockableBar(213)] - Adding dockable bar: Command Bar 10
2013-09-05 11:06:55,242 [main] [DEBUG] [ge.framework.frame.core.ApplicationFrame.addDockableBar(213)] - Adding dockable bar: Command Bar 11
2013-09-05 11:06:55,245 [main] [DEBUG] [ge.framework.frame.core.ApplicationFrame.addDockableBar(213)] - Adding dockable bar: Command Bar 12
2013-09-05 11:06:55,247 [main] [DEBUG] [ge.framework.frame.core.ApplicationFrame.addDockableBar(213)] - Adding dockable bar: Command Bar 13
2013-09-05 11:06:55,249 [main] [DEBUG] [ge.framework.frame.core.ApplicationFrame.addDockableBar(213)] - Adding dockable bar: Command Bar 14
2013-09-05 11:06:55,252 [main] [DEBUG] [ge.framework.frame.core.ApplicationFrame.addDockableBar(213)] - Adding dockable bar: Command Bar 15
2013-09-05 11:06:55,255 [main] [DEBUG] [ge.framework.frame.core.ApplicationFrame.addDockableBar(213)] - Adding dockable bar: Command Bar 16
2013-09-05 11:06:55,257 [main] [DEBUG] [ge.framework.frame.core.ApplicationFrame.addDockableBar(213)] - Adding dockable bar: Command Bar 17
2013-09-05 11:06:55,259 [main] [DEBUG] [ge.framework.frame.core.ApplicationFrame.addDockableBar(213)] - Adding dockable bar: Command Bar 18
2013-09-05 11:06:55,262 [main] [DEBUG] [ge.framework.frame.core.ApplicationFrame.addDockableBar(213)] - Adding dockable bar: Command Bar 19
2013-09-05 11:06:55,264 [main] [DEBUG] [ge.framework.frame.core.ApplicationFrame.addDockableBar(213)] - Adding dockable bar: Command Bar 20
2013-09-05 11:06:55,266 [main] [DEBUG] [ge.framework.frame.core.ApplicationFrame.addDockableBar(213)] - Adding dockable bar: Command Bar 21
2013-09-05 11:06:55,269 [main] [DEBUG] [ge.framework.frame.core.ApplicationFrame.addDockableBar(213)] - Adding dockable bar: Command Bar 22
2013-09-05 11:06:55,275 [main] [DEBUG] [ge.framework.frame.core.ApplicationFrame.addDockableBar(213)] - Adding dockable bar: Command Bar 23
2013-09-05 11:06:55,278 [main] [DEBUG] [ge.framework.frame.core.ApplicationFrame.addDockableBar(213)] - Adding dockable bar: Command Bar 24
2013-09-05 11:06:55,280 [main] [DEBUG] [ge.framework.frame.core.ApplicationFrame.addDockableBar(213)] - Adding dockable bar: Command Bar 25
2013-09-05 11:06:55,282 [main] [DEBUG] [ge.framework.frame.core.ApplicationFrame.addDockableBar(213)] - Adding dockable bar: Command Bar 26
2013-09-05 11:06:55,285 [main] [DEBUG] [ge.framework.frame.core.ApplicationFrame.addDockableBar(213)] - Adding dockable bar: Command Bar 27
2013-09-05 11:06:55,287 [main] [DEBUG] [ge.framework.frame.core.ApplicationFrame.addDockableBar(213)] - Adding dockable bar: Command Bar 28
2013-09-05 11:06:55,289 [main] [DEBUG] [ge.framework.frame.core.ApplicationFrame.addDockableBar(213)] - Adding dockable bar: Command Bar 29
2013-09-05 11:06:55,291 [main] [DEBUG] [ge.framework.frame.core.ApplicationFrame.addDockableBar(213)] - Adding dockable bar: Command Bar 30
2013-09-05 11:06:55,293 [main] [DEBUG] [ge.framework.frame.core.ApplicationFrame.addDockableBar(213)] - Adding dockable bar: Command Bar 31
2013-09-05 11:06:55,311 [main] [DEBUG] [ge.framework.frame.core.manager.ApplicationDockingManager.addFrame(54)] - Adding dockable frame: Frame 32
2013-09-05 11:06:55,319 [main] [DEBUG] [ge.framework.frame.core.manager.ApplicationDockingManager.addFrame(54)] - Adding dockable frame: Frame 33
2013-09-05 11:06:55,322 [main] [DEBUG] [ge.framework.frame.core.manager.ApplicationDockingManager.addFrame(54)] - Adding dockable frame: Frame 34
2013-09-05 11:06:55,325 [main] [DEBUG] [ge.framework.frame.core.manager.ApplicationDockingManager.addFrame(54)] - Adding dockable frame: Frame 35
2013-09-05 11:06:55,327 [main] [DEBUG] [ge.framework.frame.core.manager.ApplicationDockingManager.addFrame(54)] - Adding dockable frame: Frame 36
2013-09-05 11:06:55,330 [main] [DEBUG] [ge.framework.frame.core.manager.ApplicationDockingManager.addFrame(54)] - Adding dockable frame: Frame 37
2013-09-05 11:06:55,333 [main] [DEBUG] [ge.framework.frame.core.manager.ApplicationDockingManager.addFrame(54)] - Adding dockable frame: Frame 38
2013-09-05 11:06:55,336 [main] [DEBUG] [ge.framework.frame.core.manager.ApplicationDockingManager.addFrame(54)] - Adding dockable frame: Frame 39
2013-09-05 11:06:55,338 [main] [DEBUG] [ge.framework.frame.core.manager.ApplicationDockingManager.addFrame(54)] - Adding dockable frame: Frame 40
2013-09-05 11:06:55,341 [main] [DEBUG] [ge.framework.frame.core.manager.ApplicationDockingManager.addFrame(54)] - Adding dockable frame: Frame 41
2013-09-05 11:06:55,343 [main] [DEBUG] [ge.framework.frame.core.manager.ApplicationDockingManager.addFrame(54)] - Adding dockable frame: Frame 42
2013-09-05 11:06:55,346 [main] [DEBUG] [ge.framework.frame.core.manager.ApplicationDockingManager.addFrame(54)] - Adding dockable frame: Frame 43
2013-09-05 11:06:55,348 [main] [DEBUG] [ge.framework.frame.core.manager.ApplicationDockingManager.addFrame(54)] - Adding dockable frame: Frame 44
2013-09-05 11:06:55,350 [main] [DEBUG] [ge.framework.frame.core.manager.ApplicationDockingManager.addFrame(54)] - Adding dockable frame: Frame 45
2013-09-05 11:06:55,353 [main] [DEBUG] [ge.framework.frame.core.manager.ApplicationDockingManager.addFrame(54)] - Adding dockable frame: Frame 46
2013-09-05 11:06:55,355 [main] [DEBUG] [ge.framework.frame.core.manager.ApplicationDockingManager.addFrame(54)] - Adding dockable frame: Frame 47
2013-09-05 11:06:55,358 [main] [DEBUG] [ge.framework.frame.core.manager.ApplicationDockingManager.addFrame(54)] - Adding dockable frame: Frame 48
2013-09-05 11:06:55,360 [main] [DEBUG] [ge.framework.frame.core.manager.ApplicationDockingManager.addFrame(54)] - Adding dockable frame: Frame 49
2013-09-05 11:06:55,362 [main] [DEBUG] [ge.framework.frame.core.manager.ApplicationDockingManager.addFrame(54)] - Adding dockable frame: Frame 50
2013-09-05 11:06:55,364 [main] [DEBUG] [ge.framework.frame.core.manager.ApplicationDockingManager.addFrame(54)] - Adding dockable frame: Frame 51
2013-09-05 11:06:55,366 [main] [DEBUG] [ge.framework.frame.core.manager.ApplicationDockingManager.addFrame(54)] - Adding dockable frame: Frame 52
2013-09-05 11:06:55,369 [main] [DEBUG] [ge.framework.frame.core.manager.ApplicationDockingManager.addFrame(54)] - Adding dockable frame: Frame 53
2013-09-05 11:06:55,371 [main] [DEBUG] [ge.framework.frame.core.manager.ApplicationDockingManager.addFrame(54)] - Adding dockable frame: Frame 54
2013-09-05 11:06:55,373 [main] [DEBUG] [ge.framework.frame.core.manager.ApplicationDockingManager.addFrame(54)] - Adding dockable frame: Frame 55
2013-09-05 11:06:55,380 [main] [DEBUG] [ge.framework.frame.core.manager.ApplicationDockingManager.addFrame(54)] - Adding dockable frame: Frame 56
2013-09-05 11:06:55,382 [main] [DEBUG] [ge.framework.frame.core.document.ApplicationDocumentPane.openDocument(29)] - Opening document: Document 57
2013-09-05 11:06:55,430 [main] [DEBUG] [ge.framework.frame.core.document.ApplicationDocumentPane.openDocument(29)] - Opening document: Document 58
2013-09-05 11:06:55,431 [main] [DEBUG] [ge.framework.frame.core.document.ApplicationDocumentPane.openDocument(29)] - Opening document: Document 59
2013-09-05 11:06:55,432 [main] [DEBUG] [ge.framework.frame.core.document.ApplicationDocumentPane.openDocument(29)] - Opening document: Document 60
2013-09-05 11:06:55,433 [main] [DEBUG] [ge.framework.frame.core.document.ApplicationDocumentPane.openDocument(29)] - Opening document: Document 61
2013-09-05 11:06:55,434 [main] [DEBUG] [ge.framework.frame.core.document.ApplicationDocumentPane.openDocument(29)] - Opening document: Document 62
2013-09-05 11:06:55,435 [main] [DEBUG] [ge.framework.frame.core.document.ApplicationDocumentPane.openDocument(29)] - Opening document: Document 63
2013-09-05 11:06:55,436 [main] [DEBUG] [ge.framework.frame.core.document.ApplicationDocumentPane.openDocument(29)] - Opening document: Document 64
2013-09-05 11:06:55,438 [main] [DEBUG] [ge.framework.frame.core.document.ApplicationDocumentPane.openDocument(29)] - Opening document: Document 65
2013-09-05 11:06:55,439 [main] [DEBUG] [ge.framework.frame.core.document.ApplicationDocumentPane.openDocument(29)] - Opening document: Document 66
2013-09-05 11:06:55,440 [main] [DEBUG] [ge.framework.frame.core.document.ApplicationDocumentPane.openDocument(29)] - Opening document: Document 67
2013-09-05 11:06:55,441 [main] [DEBUG] [ge.framework.frame.core.document.ApplicationDocumentPane.openDocument(29)] - Opening document: Document 68
2013-09-05 11:06:55,443 [main] [DEBUG] [ge.framework.frame.core.document.ApplicationDocumentPane.openDocument(29)] - Opening document: Document 69
2013-09-05 11:06:55,445 [main] [DEBUG] [ge.framework.frame.core.document.ApplicationDocumentPane.openDocument(29)] - Opening document: Document 70
2013-09-05 11:06:55,447 [main] [DEBUG] [ge.framework.frame.core.document.ApplicationDocumentPane.openDocument(29)] - Opening document: Document 71
2013-09-05 11:06:55,448 [main] [DEBUG] [ge.framework.frame.core.document.ApplicationDocumentPane.openDocument(29)] - Opening document: Document 72
2013-09-05 11:06:55,449 [main] [DEBUG] [ge.framework.frame.core.document.ApplicationDocumentPane.openDocument(29)] - Opening document: Document 73
2013-09-05 11:06:55,449 [main] [DEBUG] [ge.framework.frame.core.document.ApplicationDocumentPane.openDocument(29)] - Opening document: Document 74
2013-09-05 11:06:55,450 [main] [DEBUG] [ge.framework.frame.core.document.ApplicationDocumentPane.openDocument(29)] - Opening document: Document 75
2013-09-05 11:06:55,451 [main] [DEBUG] [ge.framework.frame.core.document.ApplicationDocumentPane.openDocument(29)] - Opening document: Document 76
2013-09-05 11:06:55,452 [main] [DEBUG] [ge.framework.frame.core.document.ApplicationDocumentPane.openDocument(29)] - Opening document: Document 77
2013-09-05 11:06:55,453 [main] [DEBUG] [ge.framework.frame.core.document.ApplicationDocumentPane.openDocument(29)] - Opening document: Document 78
2013-09-05 11:06:55,454 [main] [DEBUG] [ge.framework.frame.core.document.ApplicationDocumentPane.openDocument(29)] - Opening document: Document 79
2013-09-05 11:06:55,455 [main] [DEBUG] [ge.framework.frame.core.document.ApplicationDocumentPane.openDocument(29)] - Opening document: Document 80
2013-09-05 11:06:55,456 [main] [DEBUG] [ge.framework.frame.core.document.ApplicationDocumentPane.openDocument(29)] - Opening document: Document 81
2013-09-05 11:06:55,457 [main] [DEBUG] [ge.framework.frame.core.document.ApplicationDocumentPane.openDocument(29)] - Opening document: Document 82
2013-09-05 11:06:55,459 [main] [DEBUG] [ge.framework.frame.core.document.ApplicationDocumentPane.openDocument(29)] - Opening document: Document 83
2013-09-05 11:06:55,460 [main] [DEBUG] [ge.framework.frame.core.document.ApplicationDocumentPane.openDocument(29)] - Opening document: Document 84
2013-09-05 11:06:55,461 [main] [DEBUG] [ge.framework.frame.core.document.ApplicationDocumentPane.openDocument(29)] - Opening document: Document 85
2013-09-05 11:06:55,462 [main] [DEBUG] [ge.framework.frame.core.document.ApplicationDocumentPane.openDocument(29)] - Opening document: Document 86
2013-09-05 11:06:55,463 [main] [DEBUG] [ge.framework.frame.core.document.ApplicationDocumentPane.openDocument(29)] - Opening document: Document 87
2013-09-05 11:06:55,465 [main] [DEBUG] [ge.framework.frame.core.document.ApplicationDocumentPane.openDocument(29)] - Opening document: Document 88
